#
# A fatal error has been detected by the Java Runtime Environment:
#
#  SIGSEGV (0xb) at pc=0x00007fff7733564c, pid=21859, tid=95499
#
# JRE version: OpenJDK Runtime Environment Zulu13.35+51-CA (13.0.5.1+1) (build 13.0.5.1+1-MTS)
# Java VM: OpenJDK 64-Bit Server VM Zulu13.35+51-CA (13.0.5.1+1-MTS, mixed mode, sharing, tiered, compressed oops, g1 gc, bsd-amd64)
# Problematic frame:
# C  [libobjc.A.dylib+0x864c]  objc_release+0x1c
#
# No core dump will be written. Core dumps have been disabled. To enable core dumping, try "ulimit -c unlimited" before starting Java again
#
# If you would like to submit a bug report, please visit:
#   http://www.azulsystems.com/support/
#

---------------  S U M M A R Y ------------

Command Line: --add-modules=javafx.controls --module-path=/Users/gwenael/.gradle/caches/modules-2/files-2.1/org.openjfx/javafx-controls/15.0.1/cb743a50156d7eca281bfc3547aff4d146972e02/javafx-controls-15.0.1-mac.jar:/Users/gwenael/.gradle/caches/modules-2/files-2.1/org.openjfx/javafx-graphics/15.0.1/98ced13a06ad705ce0014df60794cedbf297080b/javafx-graphics-15.0.1-mac.jar:/Users/gwenael/.gradle/caches/modules-2/files-2.1/org.openjfx/javafx-base/15.0.1/b91bc3dfc230b46f11146686648a42921de0c23/javafx-base-15.0.1-mac.jar -Dfile.encoding=UTF-8 -Duser.country=FR -Duser.language=fr -Duser.variant Launcher.Launcher

Host: MacBookAir7,2 x86_64 1800 MHz, 4 cores, 8G, Darwin 18.7.0
Time: Thu Jan 21 15:00:47 2021 CET elapsed time: 84 seconds (0d 0h 1m 24s)

---------------  T H R E A D  ---------------

Current thread is native thread

Stack: [0x0000700003ec9000,0x0000700003f49000],  sp=0x0000700003f48880,  free space=510k
Native frames: (J=compiled Java code, A=aot compiled Java code, j=interpreted, Vv=VM code, C=native code)
C  [libobjc.A.dylib+0x864c]  objc_release+0x1c
C  [libopencv_videoio.4.4.dylib+0x2ea70]  _ZN2cv17AVIWriteContainer12jflushStreamEji+0x3870
C  [AVFoundation+0x1245cc]  __ConsumerRender_block_invoke+0xd1
C  [libdispatch.dylib+0x25f8]  _dispatch_call_block_and_release+0xc
C  [libdispatch.dylib+0x363d]  _dispatch_client_callout+0x8
C  [libdispatch.dylib+0x98e0]  _dispatch_lane_serial_drain+0x25a
C  [libdispatch.dylib+0xa396]  _dispatch_lane_invoke+0x181
C  [libdispatch.dylib+0x126ed]  _dispatch_workloop_worker_thread+0x256
C  [libsystem_pthread.dylib+0x2611]  _pthread_wqthread+0x1a5
C  [libsystem_pthread.dylib+0x23fd]  start_wqthread+0xd


siginfo: si_signo: 11 (SIGSEGV), si_code: 1 (SEGV_MAPERR), si_addr: 0x000000004d555478

Register to memory mapping:

RAX=
[error occurred during error reporting (printing register info), id 0xb, SIGSEGV (0xb) at pc=0x0000000108baf966]

Registers:
RAX=0x000000004d555458, RBX=0x00007ff489283660, RCX=0x00007fffa7e93fd8, RDX=0x00007fffa7e9d7c0
RSP=0x0000700003f48880, RBP=0x0000700003f48880, RSI=0x0000030000000300, RDI=0x00007ff489617440
R8 =0x00000000005d7109, R9 =0xffffffff00000000, R10=0x00007ff4892836c8, R11=0x00007ff485d62d70
R12=0x0000000000000018, R13=0x00007fff77333680, R14=0x00007ff489612500, R15=0x0000000000000008
RIP=0x00007fff7733564c, EFLAGS=0x0000000000010202, ERR=0x0000000000000004
  TRAPNO=0x000000000000000e

Top of Stack: (sp=0x0000700003f48880)
0x0000700003f48880:   0000700003f488c0 000000013cd7aa70
0x0000700003f48890:   0000000000000001 00007ff489649850
0x0000700003f488a0:   00007fff77333680 00007ff48959a950
0x0000700003f488b0:   00007fff4ad38700 00007fff4ad33f86
0x0000700003f488c0:   0000700003f48910 00007fff48cdc5cc
0x0000700003f488d0:   00007fff48d766cb 00007fff4ad33b82
0x0000700003f488e0:   00007fff48d7d211 00007ff48959a950
0x0000700003f488f0:   0000000000000000 0000000000000000
0x0000700003f48900:   000000010800a640 0000000000000000
0x0000700003f48910:   0000700003f48930 00007fff78ac15f8
0x0000700003f48920:   000000010800a680 0000000000000114
0x0000700003f48930:   0000700003f48950 00007fff78ac263d
0x0000700003f48940:   000000010800a680 0000000000000114
0x0000700003f48950:   0000700003f489e0 00007fff78ac88e0
0x0000700003f48960:   00007fffaf38b840 0000001000000010
0x0000700003f48970:   00007fffaf38b840 0000000000000000
0x0000700003f48980:   0001000000000002 0000000000000000
0x0000700003f48990:   0000700003f48a80 00007ff489283c40
0x0000700003f489a0:   00007ff489283bf0 0000700003f48a20
0x0000700003f489b0:   0003000200000000 00007fffaf38b840
0x0000700003f489c0:   0000000000000002 0000000000030002
0x0000700003f489d0:   0000700003f48a80 00007ff489283bf0
0x0000700003f489e0:   0000700003f48a50 00007fff78ac9396
0x0000700003f489f0:   0000000000000000 0000000000000000
0x0000700003f48a00:   00007ff489283c28 0000003700000001
0x0000700003f48a10:   001ffea400000000 0000000084004000
0x0000700003f48a20:   0040020000000001 00007ff489283bf0
0x0000700003f48a30:   0000700003f490a0 00007ff489283bf0
0x0000700003f48a40:   0000700003f48a80 0000002000000000
0x0000700003f48a50:   0000700003f48b00 00007fff78ad16ed
0x0000700003f48a60:   0000000000000a00 0000000140349f40
0x0000700003f48a70:   0000000000000000 0000700003f48d60 

Instructions: (pc=0x00007fff7733564c)
0x00007fff7733554c:   5e 41 5f 5d c3 4c 89 ff 8b 75 d4 e8 a5 21 00 00
0x00007fff7733555c:   31 ff 48 83 c4 08 5b 41 5c 41 5d 41 5e 41 5f 5d
0x00007fff7733556c:   e9 5e 22 00 00 90 55 48 89 e5 41 56 53 89 fb 44
0x00007fff7733557c:   8d 73 01 49 c1 e6 04 be 01 00 00 00 4c 89 f7 e8
0x00007fff7733558c:   cc 9e 01 00 49 89 44 06 f8 49 83 7c 06 f0 01 74
0x00007fff7733559c:   09 4a c7 44 30 f0 01 00 00 00 48 8d 0d 3d 3b db
0x00007fff773355ac:   37 80 39 00 74 2e 31 c9 83 fb 02 72 14 31 c9 89
0x00007fff773355bc:   da d1 ea ff c1 83 fb 03 89 d3 77 f5 83 f9 0f 77
0x00007fff773355cc:   0c 89 c9 48 8d 15 8a 17 db 37 ff 04 8a 48 ff 05
0x00007fff773355dc:   60 17 db 37 5b 41 5e 5d c3 90 90 90 90 90 90 90
0x00007fff773355ec:   90 90 90 90 90 55 48 89 e5 40 f6 c7 01 75 20 48
0x00007fff773355fc:   b9 00 00 00 00 00 00 00 01 48 8b 07 a8 01 74 14
0x00007fff7733560c:   48 89 c2 48 01 ca 72 12 f0 48 0f b1 17 75 ea 48
0x00007fff7733561c:   89 f8 5d c3 5d e9 f0 58 00 00 31 f6 5d e9 60 50
0x00007fff7733562c:   00 00 90 90 55 48 89 e5 48 85 ff 74 60 40 f6 c7
0x00007fff7733563c:   01 75 5a 48 b8 f8 ff ff ff ff 7f 00 00 48 23 07
0x00007fff7733564c:   f6 40 20 04 74 67 48 b9 00 00 00 00 00 00 00 01
0x00007fff7733565c:   48 ba 00 00 00 00 00 00 40 00 48 8b 07 a8 01 74
0x00007fff7733566c:   41 48 89 c6 48 29 ce 73 1d 48 0f ba e0 37 72 46
0x00007fff7733567c:   48 0f ba e0 36 72 4b 48 89 c6 48 09 d6 f0 48 0f
0x00007fff7733568c:   b1 37 75 d6 eb 09 f0 48 0f b1 37 75 cd 5d c3 0f
0x00007fff7733569c:   ae f0 48 8d 05 c3 3a db 37 48 8b 30 5d e9 d2 df
0x00007fff773356ac:   ff ff be 01 00 00 00 5d e9 03 59 00 00 48 8d 05
0x00007fff773356bc:   80 3a db 37 eb e3 be 01 00 00 00 e8 26 5c 00 00
0x00007fff773356cc:   eb cb e8 5f 97 01 00 eb c4 90 90 90 90 90 90 90
0x00007fff773356dc:   90 90 90 90 90 90 90 55 48 89 e5 5d e9 09 00 00
0x00007fff773356ec:   00 90 90 90 90 90 90 90 90 90 55 48 89 e5 40 f6
0x00007fff773356fc:   c7 01 75 19 48 b8 07 00 00 00 00 00 a0 00 48 23
0x00007fff7733570c:   07 48 83 f8 01 75 08 5d e9 91 9d 01 00 5d c3 5d
0x00007fff7733571c:   e9 01 00 00 00 90 48 85 ff 74 1c 55 48 89 e5 53
0x00007fff7733572c:   50 48 89 fb e8 11 00 00 00 48 89 df e8 6d 9d 01
0x00007fff7733573c:   00 48 83 c4 08 5b 5d 31 c0 c3 55 48 89 e5 41 56 


Stack slot to memory mapping:
stack at sp + 0 slots: 
[error occurred during error reporting (inspecting top of stack), id 0xb, SIGSEGV (0xb) at pc=0x0000000108baf966]


---------------  P R O C E S S  ---------------

VM state:not at safepoint (normal execution)

VM Mutex/Monitor currently owned by a thread:  ([mutex/lock_event])
[0x00007ff485c01150] STS_lock - owner thread: 0x00007ff48782a000

Heap address: 0x0000000780000000, size: 2048 MB, Compressed Oops mode: Zero based, Oop shift amount: 3
Narrow klass base: 0x0000000800000000, Narrow klass shift: 3
Compressed class space size: 1073741824 Address: 0x0000000800af5000

Heap:
 garbage-first heap   total 133120K, used 83141K [0x0000000780000000, 0x0000000800000000)
  region size 1024K, 3 young (3072K), 1 survivors (1024K)
 Metaspace       used 24580K, capacity 25373K, committed 25728K, reserved 1071104K
  class space    used 2827K, capacity 3112K, committed 3200K, reserved 1048576K
Heap Regions: E=young(eden), S=young(survivor), O=old, HS=humongous(starts), HC=humongous(continues), CS=collection set, F=free, A=archive, TAMS=top-at-mark-start (previous, next)
|   0|0x0000000780000000, 0x0000000780100000, 0x0000000780100000|100%| O|  |TAMS 0x0000000780100000, 0x0000000780000000| Updating 
|   1|0x0000000780100000, 0x0000000780200000, 0x0000000780200000|100%| O|  |TAMS 0x0000000780200000, 0x0000000780100000| Updating 
|   2|0x0000000780200000, 0x0000000780273800, 0x0000000780300000| 45%| O|  |TAMS 0x0000000780273800, 0x0000000780200000| Updating 
|   3|0x0000000780300000, 0x0000000780400000, 0x0000000780400000|100%|HS|  |TAMS 0x0000000780400000, 0x0000000780300000| Complete 
|   4|0x0000000780400000, 0x0000000780500000, 0x0000000780500000|100%|HS|  |TAMS 0x0000000780500000, 0x0000000780400000| Complete 
|   5|0x0000000780500000, 0x0000000780600000, 0x0000000780600000|100%|HC|  |TAMS 0x0000000780600000, 0x0000000780500000| Complete 
|   6|0x0000000780600000, 0x0000000780700000, 0x0000000780700000|100%| O|  |TAMS 0x0000000780700000, 0x0000000780600000| Updating 
|   7|0x0000000780700000, 0x0000000780800000, 0x0000000780800000|100%| O|  |TAMS 0x0000000780800000, 0x0000000780700000| Updating 
|   8|0x0000000780800000, 0x0000000780900000, 0x0000000780900000|100%| O|  |TAMS 0x0000000780900000, 0x0000000780800000| Updating 
|   9|0x0000000780900000, 0x0000000780a00000, 0x0000000780a00000|100%| O|  |TAMS 0x0000000780a00000, 0x0000000780900000| Updating 
|  10|0x0000000780a00000, 0x0000000780b00000, 0x0000000780b00000|100%| O|  |TAMS 0x0000000780b00000, 0x0000000780a00000| Updating 
|  11|0x0000000780b00000, 0x0000000780c00000, 0x0000000780c00000|100%| O|  |TAMS 0x0000000780c00000, 0x0000000780b00000| Updating 
|  12|0x0000000780c00000, 0x0000000780d00000, 0x0000000780d00000|100%| O|  |TAMS 0x0000000780cafa00, 0x0000000780c00000| Updating 
|  13|0x0000000780d00000, 0x0000000780d55600, 0x0000000780e00000| 33%| O|  |TAMS 0x0000000780d00000, 0x0000000780d00000| Updating 
|  14|0x0000000780e00000, 0x0000000780f00000, 0x0000000780f00000|100%|HS|  |TAMS 0x0000000780f00000, 0x0000000780e00000| Complete 
|  15|0x0000000780f00000, 0x0000000781000000, 0x0000000781000000|100%|HS|  |TAMS 0x0000000780f00000, 0x0000000780f00000| Complete 
|  16|0x0000000781000000, 0x0000000781100000, 0x0000000781100000|100%|HC|  |TAMS 0x0000000781000000, 0x0000000781000000| Complete 
|  17|0x0000000781100000, 0x0000000781200000, 0x0000000781200000|100%|HS|  |TAMS 0x0000000781100000, 0x0000000781100000| Complete 
|  18|0x0000000781200000, 0x0000000781300000, 0x0000000781300000|100%|HC|  |TAMS 0x0000000781200000, 0x0000000781200000| Complete 
|  19|0x0000000781300000, 0x0000000781400000, 0x0000000781400000|100%|HS|  |TAMS 0x0000000781400000, 0x0000000781300000| Complete 
|  20|0x0000000781400000, 0x0000000781500000, 0x0000000781500000|100%|HC|  |TAMS 0x0000000781500000, 0x0000000781400000| Complete 
|  21|0x0000000781500000, 0x0000000781600000, 0x0000000781600000|100%|HS|  |TAMS 0x0000000781500000, 0x0000000781500000| Complete 
|  22|0x0000000781600000, 0x0000000781700000, 0x0000000781700000|100%|HC|  |TAMS 0x0000000781600000, 0x0000000781600000| Complete 
|  23|0x0000000781700000, 0x0000000781800000, 0x0000000781800000|100%|HS|  |TAMS 0x0000000781800000, 0x0000000781700000| Complete 
|  24|0x0000000781800000, 0x0000000781900000, 0x0000000781900000|100%|HC|  |TAMS 0x0000000781900000, 0x0000000781800000| Complete 
|  25|0x0000000781900000, 0x0000000781a00000, 0x0000000781a00000|100%|HS|  |TAMS 0x0000000781900000, 0x0000000781900000| Complete 
|  26|0x0000000781a00000, 0x0000000781b00000, 0x0000000781b00000|100%|HC|  |TAMS 0x0000000781a00000, 0x0000000781a00000| Complete 
|  27|0x0000000781b00000, 0x0000000781c00000, 0x0000000781c00000|100%|HS|  |TAMS 0x0000000781c00000, 0x0000000781b00000| Complete 
|  28|0x0000000781c00000, 0x0000000781d00000, 0x0000000781d00000|100%|HC|  |TAMS 0x0000000781d00000, 0x0000000781c00000| Complete 
|  29|0x0000000781d00000, 0x0000000781e00000, 0x0000000781e00000|100%|HS|  |TAMS 0x0000000781d00000, 0x0000000781d00000| Complete 
|  30|0x0000000781e00000, 0x0000000781f00000, 0x0000000781f00000|100%|HC|  |TAMS 0x0000000781e00000, 0x0000000781e00000| Complete 
|  31|0x0000000781f00000, 0x0000000782000000, 0x0000000782000000|100%|HS|  |TAMS 0x0000000781f00000, 0x0000000781f00000| Complete 
|  32|0x0000000782000000, 0x0000000782100000, 0x0000000782100000|100%|HC|  |TAMS 0x0000000782000000, 0x0000000782000000| Complete 
|  33|0x0000000782100000, 0x0000000782200000, 0x0000000782200000|100%|HS|  |TAMS 0x0000000782100000, 0x0000000782100000| Complete 
|  34|0x0000000782200000, 0x0000000782300000, 0x0000000782300000|100%|HC|  |TAMS 0x0000000782200000, 0x0000000782200000| Complete 
|  35|0x0000000782300000, 0x0000000782400000, 0x0000000782400000|100%|HS|  |TAMS 0x0000000782300000, 0x0000000782300000| Complete 
|  36|0x0000000782400000, 0x0000000782500000, 0x0000000782500000|100%|HC|  |TAMS 0x0000000782400000, 0x0000000782400000| Complete 
|  37|0x0000000782500000, 0x0000000782600000, 0x0000000782600000|100%|HS|  |TAMS 0x0000000782500000, 0x0000000782500000| Complete 
|  38|0x0000000782600000, 0x0000000782700000, 0x0000000782700000|100%|HC|  |TAMS 0x0000000782600000, 0x0000000782600000| Complete 
|  39|0x0000000782700000, 0x0000000782800000, 0x0000000782800000|100%|HS|  |TAMS 0x0000000782700000, 0x0000000782700000| Complete 
|  40|0x0000000782800000, 0x0000000782900000, 0x0000000782900000|100%|HC|  |TAMS 0x0000000782800000, 0x0000000782800000| Complete 
|  41|0x0000000782900000, 0x0000000782a00000, 0x0000000782a00000|100%|HS|  |TAMS 0x0000000782a00000, 0x0000000782900000| Complete 
|  42|0x0000000782a00000, 0x0000000782b00000, 0x0000000782b00000|100%|HC|  |TAMS 0x0000000782b00000, 0x0000000782a00000| Complete 
|  43|0x0000000782b00000, 0x0000000782c00000, 0x0000000782c00000|100%|HS|  |TAMS 0x0000000782b00000, 0x0000000782b00000| Complete 
|  44|0x0000000782c00000, 0x0000000782d00000, 0x0000000782d00000|100%|HC|  |TAMS 0x0000000782c00000, 0x0000000782c00000| Complete 
|  45|0x0000000782d00000, 0x0000000782e00000, 0x0000000782e00000|100%|HS|  |TAMS 0x0000000782e00000, 0x0000000782d00000| Complete 
|  46|0x0000000782e00000, 0x0000000782f00000, 0x0000000782f00000|100%|HC|  |TAMS 0x0000000782f00000, 0x0000000782e00000| Complete 
|  47|0x0000000782f00000, 0x0000000783000000, 0x0000000783000000|100%|HS|  |TAMS 0x0000000782f00000, 0x0000000782f00000| Complete 
|  48|0x0000000783000000, 0x0000000783100000, 0x0000000783100000|100%|HC|  |TAMS 0x0000000783000000, 0x0000000783000000| Complete 
|  49|0x0000000783100000, 0x0000000783200000, 0x0000000783200000|100%|HS|  |TAMS 0x0000000783200000, 0x0000000783100000| Complete 
|  50|0x0000000783200000, 0x0000000783300000, 0x0000000783300000|100%|HC|  |TAMS 0x0000000783300000, 0x0000000783200000| Complete 
|  51|0x0000000783300000, 0x0000000783400000, 0x0000000783400000|100%|HS|  |TAMS 0x0000000783300000, 0x0000000783300000| Complete 
|  52|0x0000000783400000, 0x0000000783500000, 0x0000000783500000|100%|HC|  |TAMS 0x0000000783400000, 0x0000000783400000| Complete 
|  53|0x0000000783500000, 0x0000000783600000, 0x0000000783600000|100%|HS|  |TAMS 0x0000000783600000, 0x0000000783500000| Complete 
|  54|0x0000000783600000, 0x0000000783700000, 0x0000000783700000|100%|HC|  |TAMS 0x0000000783700000, 0x0000000783600000| Complete 
|  55|0x0000000783700000, 0x0000000783800000, 0x0000000783800000|100%|HS|  |TAMS 0x0000000783800000, 0x0000000783700000| Complete 
|  56|0x0000000783800000, 0x0000000783900000, 0x0000000783900000|100%|HC|  |TAMS 0x0000000783900000, 0x0000000783800000| Complete 
|  57|0x0000000783900000, 0x0000000783a00000, 0x0000000783a00000|100%|HS|  |TAMS 0x0000000783a00000, 0x0000000783900000| Complete 
|  58|0x0000000783a00000, 0x0000000783b00000, 0x0000000783b00000|100%|HC|  |TAMS 0x0000000783b00000, 0x0000000783a00000| Complete 
|  59|0x0000000783b00000, 0x0000000783c00000, 0x0000000783c00000|100%|HS|  |TAMS 0x0000000783c00000, 0x0000000783b00000| Complete 
|  60|0x0000000783c00000, 0x0000000783d00000, 0x0000000783d00000|100%|HC|  |TAMS 0x0000000783d00000, 0x0000000783c00000| Complete 
|  61|0x0000000783d00000, 0x0000000783e00000, 0x0000000783e00000|100%|HS|  |TAMS 0x0000000783e00000, 0x0000000783d00000| Complete 
|  62|0x0000000783e00000, 0x0000000783f00000, 0x0000000783f00000|100%|HC|  |TAMS 0x0000000783f00000, 0x0000000783e00000| Complete 
|  63|0x0000000783f00000, 0x0000000784000000, 0x0000000784000000|100%|HS|  |TAMS 0x0000000784000000, 0x0000000783f00000| Complete 
|  64|0x0000000784000000, 0x0000000784100000, 0x0000000784100000|100%|HC|  |TAMS 0x0000000784100000, 0x0000000784000000| Complete 
|  65|0x0000000784100000, 0x0000000784200000, 0x0000000784200000|100%|HS|  |TAMS 0x0000000784100000, 0x0000000784100000| Complete 
|  66|0x0000000784200000, 0x0000000784300000, 0x0000000784300000|100%|HC|  |TAMS 0x0000000784200000, 0x0000000784200000| Complete 
|  67|0x0000000784300000, 0x0000000784400000, 0x0000000784400000|100%|HS|  |TAMS 0x0000000784300000, 0x0000000784300000| Complete 
|  68|0x0000000784400000, 0x0000000784500000, 0x0000000784500000|100%|HC|  |TAMS 0x0000000784400000, 0x0000000784400000| Complete 
|  69|0x0000000784500000, 0x0000000784600000, 0x0000000784600000|100%|HS|  |TAMS 0x0000000784500000, 0x0000000784500000| Complete 
|  70|0x0000000784600000, 0x0000000784700000, 0x0000000784700000|100%|HC|  |TAMS 0x0000000784600000, 0x0000000784600000| Complete 
|  71|0x0000000784700000, 0x0000000784800000, 0x0000000784800000|100%|HS|  |TAMS 0x0000000784700000, 0x0000000784700000| Complete 
|  72|0x0000000784800000, 0x0000000784900000, 0x0000000784900000|100%|HC|  |TAMS 0x0000000784800000, 0x0000000784800000| Complete 
|  73|0x0000000784900000, 0x0000000784a00000, 0x0000000784a00000|100%|HS|  |TAMS 0x0000000784900000, 0x0000000784900000| Complete 
|  74|0x0000000784a00000, 0x0000000784b00000, 0x0000000784b00000|100%|HC|  |TAMS 0x0000000784a00000, 0x0000000784a00000| Complete 
|  75|0x0000000784b00000, 0x0000000784c00000, 0x0000000784c00000|100%|HS|  |TAMS 0x0000000784b00000, 0x0000000784b00000| Complete 
|  76|0x0000000784c00000, 0x0000000784d00000, 0x0000000784d00000|100%|HC|  |TAMS 0x0000000784c00000, 0x0000000784c00000| Complete 
|  77|0x0000000784d00000, 0x0000000784e00000, 0x0000000784e00000|100%|HS|  |TAMS 0x0000000784d00000, 0x0000000784d00000| Complete 
|  78|0x0000000784e00000, 0x0000000784f00000, 0x0000000784f00000|100%|HC|  |TAMS 0x0000000784e00000, 0x0000000784e00000| Complete 
|  79|0x0000000784f00000, 0x0000000784f00000, 0x0000000785000000|  0%| F|  |TAMS 0x0000000784f00000, 0x0000000784f00000| Untracked 
|  80|0x0000000785000000, 0x0000000785000000, 0x0000000785100000|  0%| F|  |TAMS 0x0000000785000000, 0x0000000785000000| Untracked 
|  81|0x0000000785100000, 0x0000000785100000, 0x0000000785200000|  0%| F|  |TAMS 0x0000000785100000, 0x0000000785100000| Untracked 
|  82|0x0000000785200000, 0x0000000785200000, 0x0000000785300000|  0%| F|  |TAMS 0x0000000785200000, 0x0000000785200000| Untracked 
|  83|0x0000000785300000, 0x0000000785300000, 0x0000000785400000|  0%| F|  |TAMS 0x0000000785300000, 0x0000000785300000| Untracked 
|  84|0x0000000785400000, 0x0000000785400000, 0x0000000785500000|  0%| F|  |TAMS 0x0000000785400000, 0x0000000785400000| Untracked 
|  85|0x0000000785500000, 0x0000000785500000, 0x0000000785600000|  0%| F|  |TAMS 0x0000000785500000, 0x0000000785500000| Untracked 
|  86|0x0000000785600000, 0x0000000785700000, 0x0000000785700000|100%|HS|  |TAMS 0x0000000785700000, 0x0000000785600000| Complete 
|  87|0x0000000785700000, 0x0000000785800000, 0x0000000785800000|100%|HC|  |TAMS 0x0000000785800000, 0x0000000785700000| Complete 
|  88|0x0000000785800000, 0x0000000785800000, 0x0000000785900000|  0%| F|  |TAMS 0x0000000785800000, 0x0000000785800000| Untracked 
|  89|0x0000000785900000, 0x0000000785900000, 0x0000000785a00000|  0%| F|  |TAMS 0x0000000785900000, 0x0000000785900000| Untracked 
|  90|0x0000000785a00000, 0x0000000785a7d6f0, 0x0000000785b00000| 48%| E|  |TAMS 0x0000000785a00000, 0x0000000785a00000| Complete 
|  91|0x0000000785b00000, 0x0000000785b00000, 0x0000000785c00000|  0%| F|  |TAMS 0x0000000785b00000, 0x0000000785b00000| Untracked 
|  92|0x0000000785c00000, 0x0000000785c00000, 0x0000000785d00000|  0%| F|  |TAMS 0x0000000785c00000, 0x0000000785c00000| Untracked 
|  93|0x0000000785d00000, 0x0000000785d00000, 0x0000000785e00000|  0%| F|  |TAMS 0x0000000785d00000, 0x0000000785d00000| Untracked 
|  94|0x0000000785e00000, 0x0000000785e00000, 0x0000000785f00000|  0%| F|  |TAMS 0x0000000785e00000, 0x0000000785e00000| Untracked 
|  95|0x0000000785f00000, 0x0000000785f00000, 0x0000000786000000|  0%| F|  |TAMS 0x0000000785f00000, 0x0000000785f00000| Untracked 
|  96|0x0000000786000000, 0x0000000786000000, 0x0000000786100000|  0%| F|  |TAMS 0x0000000786000000, 0x0000000786000000| Untracked 
|  97|0x0000000786100000, 0x0000000786100000, 0x0000000786200000|  0%| F|  |TAMS 0x0000000786100000, 0x0000000786100000| Untracked 
|  98|0x0000000786200000, 0x0000000786200000, 0x0000000786300000|  0%| F|  |TAMS 0x0000000786200000, 0x0000000786200000| Untracked 
|  99|0x0000000786300000, 0x0000000786300000, 0x0000000786400000|  0%| F|  |TAMS 0x0000000786300000, 0x0000000786300000| Untracked 
| 100|0x0000000786400000, 0x0000000786400000, 0x0000000786500000|  0%| F|  |TAMS 0x0000000786400000, 0x0000000786400000| Untracked 
| 101|0x0000000786500000, 0x0000000786500000, 0x0000000786600000|  0%| F|  |TAMS 0x0000000786500000, 0x0000000786500000| Untracked 
| 102|0x0000000786600000, 0x0000000786600000, 0x0000000786700000|  0%| F|  |TAMS 0x0000000786600000, 0x0000000786600000| Untracked 
| 103|0x0000000786700000, 0x0000000786700000, 0x0000000786800000|  0%| F|  |TAMS 0x0000000786700000, 0x0000000786700000| Untracked 
| 104|0x0000000786800000, 0x0000000786800000, 0x0000000786900000|  0%| F|  |TAMS 0x0000000786800000, 0x0000000786800000| Untracked 
| 105|0x0000000786900000, 0x0000000786900000, 0x0000000786a00000|  0%| F|  |TAMS 0x0000000786900000, 0x0000000786900000| Untracked 
| 106|0x0000000786a00000, 0x0000000786a00000, 0x0000000786b00000|  0%| F|  |TAMS 0x0000000786a00000, 0x0000000786a00000| Untracked 
| 107|0x0000000786b00000, 0x0000000786b00000, 0x0000000786c00000|  0%| F|  |TAMS 0x0000000786b00000, 0x0000000786b00000| Untracked 
| 108|0x0000000786c00000, 0x0000000786c00000, 0x0000000786d00000|  0%| F|  |TAMS 0x0000000786c00000, 0x0000000786c00000| Untracked 
| 109|0x0000000786d00000, 0x0000000786d00000, 0x0000000786e00000|  0%| F|  |TAMS 0x0000000786d00000, 0x0000000786d00000| Untracked 
| 110|0x0000000786e00000, 0x0000000786e00000, 0x0000000786f00000|  0%| F|  |TAMS 0x0000000786e00000, 0x0000000786e00000| Untracked 
| 111|0x0000000786f00000, 0x0000000786f00000, 0x0000000787000000|  0%| F|  |TAMS 0x0000000786f00000, 0x0000000786f00000| Untracked 
| 112|0x0000000787000000, 0x0000000787000000, 0x0000000787100000|  0%| F|  |TAMS 0x0000000787000000, 0x0000000787000000| Untracked 
| 113|0x0000000787100000, 0x0000000787100000, 0x0000000787200000|  0%| F|  |TAMS 0x0000000787100000, 0x0000000787100000| Untracked 
| 114|0x0000000787200000, 0x0000000787200000, 0x0000000787300000|  0%| F|  |TAMS 0x0000000787200000, 0x0000000787200000| Untracked 
| 115|0x0000000787300000, 0x0000000787300000, 0x0000000787400000|  0%| F|  |TAMS 0x0000000787300000, 0x0000000787300000| Untracked 
| 116|0x0000000787400000, 0x0000000787400000, 0x0000000787500000|  0%| F|  |TAMS 0x0000000787400000, 0x0000000787400000| Untracked 
| 117|0x0000000787500000, 0x0000000787500000, 0x0000000787600000|  0%| F|  |TAMS 0x0000000787500000, 0x0000000787500000| Untracked 
| 118|0x0000000787600000, 0x0000000787600000, 0x0000000787700000|  0%| F|  |TAMS 0x0000000787600000, 0x0000000787600000| Untracked 
| 119|0x0000000787700000, 0x0000000787700000, 0x0000000787800000|  0%| F|  |TAMS 0x0000000787700000, 0x0000000787700000| Untracked 
| 120|0x0000000787800000, 0x0000000787800000, 0x0000000787900000|  0%| F|  |TAMS 0x0000000787800000, 0x0000000787800000| Untracked 
| 121|0x0000000787900000, 0x0000000787900000, 0x0000000787a00000|  0%| F|  |TAMS 0x0000000787900000, 0x0000000787900000| Untracked 
| 122|0x0000000787a00000, 0x0000000787a00000, 0x0000000787b00000|  0%| F|  |TAMS 0x0000000787a00000, 0x0000000787a00000| Untracked 
| 123|0x0000000787b00000, 0x0000000787b00000, 0x0000000787c00000|  0%| F|  |TAMS 0x0000000787b00000, 0x0000000787b00000| Untracked 
| 124|0x0000000787c00000, 0x0000000787c00000, 0x0000000787d00000|  0%| F|  |TAMS 0x0000000787c00000, 0x0000000787c00000| Untracked 
| 125|0x0000000787d00000, 0x0000000787d00000, 0x0000000787e00000|  0%| F|  |TAMS 0x0000000787d00000, 0x0000000787d00000| Untracked 
| 169|0x000000078a900000, 0x000000078a9a9848, 0x000000078aa00000| 66%| S|CS|TAMS 0x000000078a900000, 0x000000078a900000| Complete 
| 170|0x000000078aa00000, 0x000000078ab00000, 0x000000078ab00000|100%| E|  |TAMS 0x000000078aa00000, 0x000000078aa00000| Complete 
|1022|0x00000007bfe00000, 0x00000007bfe48000, 0x00000007bff00000| 28%|OA|  |TAMS 0x00000007bfe48000, 0x00000007bfe00000| Untracked 
|1023|0x00000007bff00000, 0x00000007bff77000, 0x00000007c0000000| 46%|CA|  |TAMS 0x00000007bff77000, 0x00000007bff00000| Untracked 

Card table byte_map: [0x0000000112347000,0x0000000112747000] _byte_map_base: 0x000000010e747000

Marking Bits (Prev, Next): (CMBitMap*) 0x00007ff487007418, (CMBitMap*) 0x00007ff487007458
 Prev Bits: [0x0000000112b47000, 0x0000000114b47000)
 Next Bits: [0x0000000123f92000, 0x0000000125f92000)

Polling page: 0x0000000107a64000

Metaspace:

Usage:
  Non-class:     21.74 MB capacity,    21.24 MB ( 98%) used,   429.05 KB (  2%) free+waste,    79.00 KB ( <1%) overhead. 
      Class:      3.04 MB capacity,     2.76 MB ( 91%) used,   244.41 KB (  8%) free+waste,    40.19 KB (  1%) overhead. 
       Both:     24.78 MB capacity,    24.00 MB ( 97%) used,   673.45 KB (  3%) free+waste,   119.19 KB ( <1%) overhead. 

Virtual space:
  Non-class space:       22.00 MB reserved,      22.00 MB (100%) committed 
      Class space:        1.00 GB reserved,       3.12 MB ( <1%) committed 
             Both:        1.02 GB reserved,      25.12 MB (  2%) committed 

Chunk freelists:
   Non-Class:  27.00 KB
       Class:  4.00 KB
        Both:  31.00 KB

MaxMetaspaceSize: unlimited
CompressedClassSpaceSize: 1.00 GB

CodeHeap 'non-profiled nmethods': size=120032Kb used=1008Kb max_used=1029Kb free=119024Kb
 bounds [0x000000011ca5a000, 0x000000011ccca000, 0x0000000123f92000]
CodeHeap 'profiled nmethods': size=120028Kb used=4144Kb max_used=4614Kb free=115883Kb
 bounds [0x0000000115523000, 0x00000001159b3000, 0x000000011ca5a000]
CodeHeap 'non-nmethods': size=5700Kb used=1954Kb max_used=1977Kb free=3745Kb
 bounds [0x0000000114f92000, 0x0000000115202000, 0x0000000115523000]
 total_blobs=3679 nmethods=2299 adapters=1293
 compilation: enabled
              stopped_count=0, restarted_count=0
 full_count=0

Compilation events (20 events):
Event: 84.549 Thread 0x00007ff48702b000 2627       3       com.sun.javafx.geom.BoxBounds::deriveWithNewBounds (95 bytes)
Event: 84.549 Thread 0x00007ff48702b000 nmethod 2627 0x0000000115828f90 code [0x00000001158291e0, 0x0000000115829cb0]
Event: 84.550 Thread 0x00007ff48702b000 2628       3       com.sun.prism.es2.GLContext::setBoundTexture (16 bytes)
Event: 84.550 Thread 0x00007ff48702b000 nmethod 2628 0x000000011565ab90 code [0x000000011565ad40, 0x000000011565afc0]
Event: 84.550 Thread 0x00007ff48702b000 2629       3       com.sun.prism.es2.GLContext::bindTexture (9 bytes)
Event: 84.550 Thread 0x00007ff48702b000 nmethod 2629 0x0000000115639f90 code [0x000000011563a140, 0x000000011563a280]
Event: 84.551 Thread 0x00007ff48702b000 2630       1       java.awt.image.BufferedImage::getRaster (5 bytes)
Event: 84.552 Thread 0x00007ff48702b000 nmethod 2630 0x000000011caa5d10 code [0x000000011caa5ea0, 0x000000011caa5f70]
Event: 84.552 Thread 0x00007ff48702b000 2632       3       com.sun.prism.es2.ES2Pipeline::is3DSupported (4 bytes)
Event: 84.552 Thread 0x00007ff48702b000 nmethod 2632 0x0000000115684610 code [0x00000001156847a0, 0x00000001156848b0]
Event: 84.578 Thread 0x00007ff48702b000 2633       3       java.awt.image.PackedColorModel::countBits (44 bytes)
Event: 84.578 Thread 0x00007ff48702b000 nmethod 2633 0x0000000115828a10 code [0x0000000115828bc0, 0x0000000115828e90]
Event: 84.578 Thread 0x00007ff48702b000 2634       3       java.util.concurrent.locks.AbstractQueuedSynchronizer$Node::compareAndSetWaitStatus (10 bytes)
Event: 84.582 Thread 0x00007ff48702b000 nmethod 2634 0x000000011575e190 code [0x000000011575e3a0, 0x000000011575e950]
Event: 84.583 Thread 0x00007ff486022000 nmethod 2581% 0x000000011caaf110 code [0x000000011caaf2a0, 0x000000011cab06d8]
Event: 84.583 Thread 0x00007ff486022000 2614       4       java.io.FilterInputStream::read (9 bytes)
Event: 84.584 Thread 0x00007ff486022000 nmethod 2614 0x000000011caaee10 code [0x000000011caaefa0, 0x000000011caaf038]
Event: 84.584 Thread 0x00007ff486022000 2619       4       java.lang.invoke.VarHandleGuards::guard_LII_Z (70 bytes)
Event: 84.609 Thread 0x00007ff486022000 nmethod 2619 0x000000011caae890 code [0x000000011caaea20, 0x000000011caaeba8]
Event: 84.609 Thread 0x00007ff486022000 2635       4       com.sun.javafx.image.impl.IntTo4ByteSameConverter::doConvert (114 bytes)

GC Heap History (20 events):
Event: 78.215 GC heap before
{Heap before GC invocations=12 (full 0):
 garbage-first heap   total 51200K, used 38745K [0x0000000780000000, 0x0000000800000000)
  region size 1024K, 25 young (25600K), 1 survivors (1024K)
 Metaspace       used 21350K, capacity 22707K, committed 22912K, reserved 1069056K
  class space    used 2488K, capacity 2858K, committed 2944K, reserved 1048576K
}
Event: 78.218 GC heap after
{Heap after GC invocations=13 (full 0):
 garbage-first heap   total 51200K, used 13976K [0x0000000780000000, 0x0000000800000000)
  region size 1024K, 1 young (1024K), 1 survivors (1024K)
 Metaspace       used 21350K, capacity 22707K, committed 22912K, reserved 1069056K
  class space    used 2488K, capacity 2858K, committed 2944K, reserved 1048576K
}
Event: 78.278 GC heap before
{Heap before GC invocations=13 (full 0):
 garbage-first heap   total 51200K, used 38552K [0x0000000780000000, 0x0000000800000000)
  region size 1024K, 25 young (25600K), 1 survivors (1024K)
 Metaspace       used 21352K, capacity 22707K, committed 22912K, reserved 1069056K
  class space    used 2488K, capacity 2858K, committed 2944K, reserved 1048576K
}
Event: 78.281 GC heap after
{Heap after GC invocations=14 (full 0):
 garbage-first heap   total 51200K, used 13916K [0x0000000780000000, 0x0000000800000000)
  region size 1024K, 1 young (1024K), 1 survivors (1024K)
 Metaspace       used 21352K, capacity 22707K, committed 22912K, reserved 1069056K
  class space    used 2488K, capacity 2858K, committed 2944K, reserved 1048576K
}
Event: 78.384 GC heap before
{Heap before GC invocations=14 (full 0):
 garbage-first heap   total 51200K, used 38492K [0x0000000780000000, 0x0000000800000000)
  region size 1024K, 25 young (25600K), 1 survivors (1024K)
 Metaspace       used 21371K, capacity 22707K, committed 22912K, reserved 1069056K
  class space    used 2488K, capacity 2858K, committed 2944K, reserved 1048576K
}
Event: 78.387 GC heap after
{Heap after GC invocations=15 (full 0):
 garbage-first heap   total 51200K, used 13898K [0x0000000780000000, 0x0000000800000000)
  region size 1024K, 1 young (1024K), 1 survivors (1024K)
 Metaspace       used 21371K, capacity 22707K, committed 22912K, reserved 1069056K
  class space    used 2488K, capacity 2858K, committed 2944K, reserved 1048576K
}
Event: 78.468 GC heap before
{Heap before GC invocations=15 (full 0):
 garbage-first heap   total 51200K, used 38474K [0x0000000780000000, 0x0000000800000000)
  region size 1024K, 25 young (25600K), 1 survivors (1024K)
 Metaspace       used 21371K, capacity 22707K, committed 22912K, reserved 1069056K
  class space    used 2488K, capacity 2858K, committed 2944K, reserved 1048576K
}
Event: 78.470 GC heap after
{Heap after GC invocations=16 (full 0):
 garbage-first heap   total 51200K, used 13878K [0x0000000780000000, 0x0000000800000000)
  region size 1024K, 1 young (1024K), 1 survivors (1024K)
 Metaspace       used 21371K, capacity 22707K, committed 22912K, reserved 1069056K
  class space    used 2488K, capacity 2858K, committed 2944K, reserved 1048576K
}
Event: 78.523 GC heap before
{Heap before GC invocations=16 (full 0):
 garbage-first heap   total 51200K, used 38454K [0x0000000780000000, 0x0000000800000000)
  region size 1024K, 25 young (25600K), 1 survivors (1024K)
 Metaspace       used 21373K, capacity 22707K, committed 22912K, reserved 1069056K
  class space    used 2488K, capacity 2858K, committed 2944K, reserved 1048576K
}
Event: 78.526 GC heap after
{Heap after GC invocations=17 (full 0):
 garbage-first heap   total 51200K, used 13928K [0x0000000780000000, 0x0000000800000000)
  region size 1024K, 1 young (1024K), 1 survivors (1024K)
 Metaspace       used 21373K, capacity 22707K, committed 22912K, reserved 1069056K
  class space    used 2488K, capacity 2858K, committed 2944K, reserved 1048576K
}
Event: 80.763 GC heap before
{Heap before GC invocations=17 (full 0):
 garbage-first heap   total 51200K, used 39528K [0x0000000780000000, 0x0000000800000000)
  region size 1024K, 19 young (19456K), 1 survivors (1024K)
 Metaspace       used 23558K, capacity 24282K, committed 24576K, reserved 1071104K
  class space    used 2708K, capacity 2983K, committed 3072K, reserved 1048576K
}
Event: 80.767 GC heap after
{Heap after GC invocations=18 (full 0):
 garbage-first heap   total 51200K, used 21462K [0x0000000780000000, 0x0000000800000000)
  region size 1024K, 2 young (2048K), 2 survivors (2048K)
 Metaspace       used 23558K, capacity 24282K, committed 24576K, reserved 1071104K
  class space    used 2708K, capacity 2983K, committed 3072K, reserved 1048576K
}
Event: 80.979 GC heap before
{Heap before GC invocations=19 (full 0):
 garbage-first heap   total 51200K, used 25558K [0x0000000780000000, 0x0000000800000000)
  region size 1024K, 5 young (5120K), 2 survivors (2048K)
 Metaspace       used 24353K, capacity 25085K, committed 25472K, reserved 1071104K
  class space    used 2802K, capacity 3080K, committed 3200K, reserved 1048576K
}
Event: 80.984 GC heap after
{Heap after GC invocations=20 (full 0):
 garbage-first heap   total 51200K, used 21594K [0x0000000780000000, 0x0000000800000000)
  region size 1024K, 2 young (2048K), 2 survivors (2048K)
 Metaspace       used 24353K, capacity 25085K, committed 25472K, reserved 1071104K
  class space    used 2802K, capacity 3080K, committed 3200K, reserved 1048576K
}
Event: 83.654 GC heap before
{Heap before GC invocations=21 (full 0):
 garbage-first heap   total 51200K, used 24666K [0x0000000780000000, 0x0000000800000000)
  region size 1024K, 4 young (4096K), 2 survivors (2048K)
 Metaspace       used 24434K, capacity 25149K, committed 25472K, reserved 1071104K
  class space    used 2815K, capacity 3080K, committed 3200K, reserved 1048576K
}
Event: 83.662 GC heap after
{Heap after GC invocations=22 (full 0):
 garbage-first heap   total 51200K, used 23631K [0x0000000780000000, 0x0000000800000000)
  region size 1024K, 2 young (2048K), 2 survivors (2048K)
 Metaspace       used 24434K, capacity 25149K, committed 25472K, reserved 1071104K
  class space    used 2815K, capacity 3080K, committed 3200K, reserved 1048576K
}
Event: 83.945 GC heap before
{Heap before GC invocations=23 (full 0):
 garbage-first heap   total 56320K, used 43087K [0x0000000780000000, 0x0000000800000000)
  region size 1024K, 4 young (4096K), 2 survivors (2048K)
 Metaspace       used 24540K, capacity 25245K, committed 25472K, reserved 1071104K
  class space    used 2827K, capacity 3112K, committed 3200K, reserved 1048576K
}
Event: 83.950 GC heap after
{Heap after GC invocations=24 (full 0):
 garbage-first heap   total 56320K, used 33943K [0x0000000780000000, 0x0000000800000000)
  region size 1024K, 2 young (2048K), 2 survivors (2048K)
 Metaspace       used 24540K, capacity 25245K, committed 25472K, reserved 1071104K
  class space    used 2827K, capacity 3112K, committed 3200K, reserved 1048576K
}
Event: 84.289 GC heap before
{Heap before GC invocations=25 (full 0):
 garbage-first heap   total 97280K, used 70807K [0x0000000780000000, 0x0000000800000000)
  region size 1024K, 3 young (3072K), 2 survivors (2048K)
 Metaspace       used 24559K, capacity 25245K, committed 25472K, reserved 1071104K
  class space    used 2827K, capacity 3112K, committed 3200K, reserved 1048576K
}
Event: 84.303 GC heap after
{Heap after GC invocations=26 (full 0):
 garbage-first heap   total 97280K, used 42181K [0x0000000780000000, 0x0000000800000000)
  region size 1024K, 1 young (1024K), 1 survivors (1024K)
 Metaspace       used 24559K, capacity 25245K, committed 25472K, reserved 1071104K
  class space    used 2827K, capacity 3112K, committed 3200K, reserved 1048576K
}

Deoptimization events (20 events):
Event: 84.048 Thread 0x00007ff4872f6000 DEOPT PACKING pc=0x0000000115582ea8 sp=0x000070000404b270
Event: 84.048 Thread 0x00007ff4872f6000 DEOPT UNPACKING pc=0x0000000114fdb33a sp=0x000070000404a768 mode 0
Event: 84.048 Thread 0x00007ff4872f6000 DEOPT PACKING pc=0x0000000115582ea8 sp=0x000070000404b270
Event: 84.048 Thread 0x00007ff4872f6000 DEOPT UNPACKING pc=0x0000000114fdb33a sp=0x000070000404a768 mode 0
Event: 84.049 Thread 0x00007ff4872f6000 DEOPT PACKING pc=0x0000000115582ea8 sp=0x000070000404b270
Event: 84.049 Thread 0x00007ff4872f6000 DEOPT UNPACKING pc=0x0000000114fdb33a sp=0x000070000404a768 mode 0
Event: 84.049 Thread 0x00007ff4872f6000 DEOPT PACKING pc=0x0000000115582ea8 sp=0x000070000404b270
Event: 84.049 Thread 0x00007ff4872f6000 DEOPT UNPACKING pc=0x0000000114fdb33a sp=0x000070000404a768 mode 0
Event: 84.049 Thread 0x00007ff4872f6000 DEOPT PACKING pc=0x0000000115582ea8 sp=0x000070000404b270
Event: 84.049 Thread 0x00007ff4872f6000 DEOPT UNPACKING pc=0x0000000114fdb33a sp=0x000070000404a768 mode 0
Event: 84.052 Thread 0x00007ff4874cd800 DEOPT PACKING pc=0x00000001155711a2 sp=0x0000700003c3c2a0
Event: 84.052 Thread 0x00007ff4874cd800 DEOPT UNPACKING pc=0x0000000114fdb33a sp=0x0000700003c3b768 mode 0
Event: 84.052 Thread 0x00007ff4874cd800 DEOPT PACKING pc=0x0000000115582ea8 sp=0x0000700003c3c270
Event: 84.052 Thread 0x00007ff4874cd800 DEOPT UNPACKING pc=0x0000000114fdb33a sp=0x0000700003c3b768 mode 0
Event: 84.054 Thread 0x00007ff4874cd800 Uncommon trap: trap_request=0xffffff45 fr.pc=0x000000011cad9a9c relative=0x000000000000127c
Event: 84.054 Thread 0x00007ff4874cd800 Uncommon trap: reason=unstable_if action=reinterpret pc=0x000000011cad9a9c method=com.sun.javafx.image.impl.IntTo4ByteSameConverter.doConvert([III[BIIII)V @ 29 c2
Event: 84.054 Thread 0x00007ff4874cd800 DEOPT PACKING pc=0x000000011cad9a9c sp=0x0000700003c3c100
Event: 84.054 Thread 0x00007ff4874cd800 DEOPT UNPACKING pc=0x0000000114fdae25 sp=0x0000700003c3c268 mode 2
Event: 84.586 Thread 0x00007ff4874cd800 DEOPT PACKING pc=0x00000001155711a2 sp=0x0000700003c3c2a0
Event: 84.586 Thread 0x00007ff4874cd800 DEOPT UNPACKING pc=0x0000000114fdb33a sp=0x0000700003c3b768 mode 0

Classes unloaded (0 events):
No events

Classes redefined (0 events):
No events

Internal exceptions (20 events):
Event: 5.548 Thread 0x00007ff48711c800 Exception <a 'java/lang/NoSuchMethodError'{0x0000000786f77788}: 'java.lang.Object java.lang.invoke.Invokers$Holder.linkToTargetMethod(java.lang.Object, java.lang.Object, java.lang.Object, java.lang.Object, java.lang.Object, java.lang.Object, java.lang.Object)'> (0x0000000786f77788) 
thrown [./src/hotspot/share/interpreter/linkResolver.cpp, line 767]
Event: 5.548 Thread 0x00007ff48711c800 Exception <a 'java/lang/NoSuchMethodError'{0x0000000786f7b540}: 'void java.lang.invoke.DirectMethodHandle$Holder.invokeSpecial(java.lang.Object, java.lang.Object, java.lang.Object, java.lang.Object, java.lang.Object, java.lang.Object)'> (0x0000000786f7b540) 
thrown [./src/hotspot/share/interpreter/linkResolver.cpp, line 767]
Event: 5.614 Thread 0x00007ff48711c800 Implicit null exception at 0x000000011cae8785 to 0x000000011cae8984
Event: 5.614 Thread 0x00007ff48711c800 Implicit null exception at 0x000000011ca9d2e8 to 0x000000011ca9d37a
Event: 6.511 Thread 0x00007ff48711c800 Exception <a 'java/lang/NoSuchMethodError'{0x0000000786663f28}: 'java.lang.Object java.lang.invoke.Invokers$Holder.linkToTargetMethod(java.lang.Object, int, java.lang.Object)'> (0x0000000786663f28) 
thrown [./src/hotspot/share/interpreter/linkResolver.cpp, line 767]
Event: 6.568 Thread 0x00007ff48711c800 Exception <a 'java/lang/NoSuchMethodError'{0x00000007866cf768}: 'java.lang.Object java.lang.invoke.DirectMethodHandle$Holder.invokeInterface(java.lang.Object, java.lang.Object, java.lang.Object)'> (0x00000007866cf768) 
thrown [./src/hotspot/share/interpreter/linkResolver.cpp, line 767]
Event: 6.569 Thread 0x00007ff48711c800 Exception <a 'java/lang/IncompatibleClassChangeError'{0x00000007866d25f8}: Found class java.lang.Object, but interface was expected> (0x00000007866d25f8) 
thrown [./src/hotspot/share/interpreter/linkResolver.cpp, line 833]
Event: 6.910 Thread 0x00007ff48711c800 Exception <a 'java/lang/ClassNotFoundException'{0x00000007862a9cf8}: com/sun/javafx/scene/control/skin/resources/controls> (0x00000007862a9cf8) 
thrown [./src/hotspot/share/prims/jni.cpp, line 619]
Event: 6.913 Thread 0x00007ff48711c800 Exception <a 'java/lang/ClassNotFoundException'{0x00000007862b77c8}: com/sun/javafx/scene/control/skin/resources/controls_fr> (0x00000007862b77c8) 
thrown [./src/hotspot/share/prims/jni.cpp, line 619]
Event: 6.915 Thread 0x00007ff48711c800 Exception <a 'java/lang/ClassNotFoundException'{0x00000007862c5028}: com/sun/javafx/scene/control/skin/resources/controls_fr_FR> (0x00000007862c5028) 
thrown [./src/hotspot/share/prims/jni.cpp, line 619]
Event: 8.949 Thread 0x00007ff48711c800 Exception <a 'java/lang/NoSuchMethodError'{0x000000078aa6aa28}: 'java.lang.Object java.lang.invoke.DirectMethodHandle$Holder.invokeStatic(java.lang.Object, java.lang.Object, long, int, int, int)'> (0x000000078aa6aa28) 
thrown [./src/hotspot/share/interpreter/linkResolver.cpp, line 767]
Event: 8.952 Thread 0x00007ff48711c800 Exception <a 'java/lang/NoSuchMethodError'{0x000000078aa7d1f0}: 'java.lang.Object java.lang.invoke.DirectMethodHandle$Holder.invokeStatic(java.lang.Object, java.lang.Object, int, java.lang.Object, long, int, int, int, int)'> (0x000000078aa7d1f0) 
thrown [./src/hotspot/share/interpreter/linkResolver.cpp, line 767]
Event: 77.936 Thread 0x00007ff48711c800 Exception <a 'java/lang/NoSuchMethodError'{0x000000078221b6a0}: 'long java.lang.invoke.DirectMethodHandle$Holder.invokeStatic(java.lang.Object, java.lang.Object, java.lang.Object)'> (0x000000078221b6a0) 
thrown [./src/hotspot/share/interpreter/linkResolver.cpp, line 767]
Event: 77.942 Thread 0x00007ff48711c800 Exception <a 'java/lang/NoSuchMethodError'{0x000000078221e348}: 'long java.lang.invoke.DirectMethodHandle$Holder.invokeStaticInit(java.lang.Object, java.lang.Object, java.lang.Object)'> (0x000000078221e348) 
thrown [./src/hotspot/share/interpreter/linkResolver.cpp, line 767]
Event: 77.947 Thread 0x00007ff48711c800 Exception <a 'java/lang/NoSuchMethodError'{0x00000007822326c8}: 'java.lang.Object java.lang.invoke.Invokers$Holder.linkToTargetMethod(java.lang.Object, long, java.lang.Object)'> (0x00000007822326c8) 
thrown [./src/hotspot/share/interpreter/linkResolver.cpp, line 767]
Event: 79.998 Thread 0x00007ff4870dd800 Exception <a 'java/lang/ClassNotFoundException'{0x00000007824f82d0}: sun/awt/resources/spi/awtProvider> (0x00000007824f82d0) 
thrown [./src/hotspot/share/classfile/systemDictionary.cpp, line 232]
Event: 80.002 Thread 0x00007ff4870dd800 Exception <a 'java/io/FileNotFoundException'{0x00000007824fed98}> (0x00000007824fed98) 
thrown [./src/hotspot/share/prims/jni.cpp, line 598]
Event: 80.003 Thread 0x00007ff4870dd800 Exception <a 'java/io/FileNotFoundException'{0x0000000782300e18}> (0x0000000782300e18) 
thrown [./src/hotspot/share/prims/jni.cpp, line 598]
Event: 80.139 Thread 0x00007ff4870df800 Exception <a 'java/lang/ClassNotFoundException'{0x0000000782478b48}: sun/awt/resources/spi/awtosxProvider> (0x0000000782478b48) 
thrown [./src/hotspot/share/classfile/systemDictionary.cpp, line 232]
Event: 80.479 Thread 0x00007ff4874ef000 Exception <a 'java/lang/UnsatisfiedLinkError'{0x000000078205dae0}: 'java.lang.String org.tensorflow.TensorFlow.version()'> (0x000000078205dae0) 
thrown [./src/hotspot/share/prims/nativeLookup.cpp, line 528]

Events (20 events):
Event: 84.367 Executing VM operation: RevokeBias done
Event: 84.399 Executing VM operation: RevokeBias
Event: 84.407 Executing VM operation: RevokeBias done
Event: 84.429 Executing VM operation: RevokeBias
Event: 84.432 Executing VM operation: RevokeBias done
Event: 84.465 Executing VM operation: RevokeBias
Event: 84.496 Executing VM operation: RevokeBias done
Event: 84.509 Executing VM operation: RevokeBias
Event: 84.520 Executing VM operation: RevokeBias done
Event: 84.531 Executing VM operation: G1Concurrent
Event: 84.537 Executing VM operation: G1Concurrent done
Event: 84.549 Loaded shared library /Users/gwenael/.openjfx/cache/15.0.1/libprism_es2.dylib
Event: 84.552 Executing VM operation: RevokeBias
Event: 84.613 Executing VM operation: RevokeBias done
Event: 84.613 Executing VM operation: HandshakeAllThreads
Event: 84.613 Executing VM operation: HandshakeAllThreads done
Event: 84.614 Thread 0x00007ff48702c000 flushing nmethod 0x000000011cb37b10
Event: 84.614 Thread 0x00007ff48702c000 flushing nmethod 0x0000000115554910
Event: 84.614 Thread 0x00007ff48702c000 flushing nmethod 0x00000001155ace90
Event: 84.616 Thread 0x00007ff48702c000 flushing nmethod 0x0000000115702f10


Dynamic libraries:
0x00007fff7819c000 	/usr/lib/libz.1.dylib
0x00000001079d9000 	/Users/gwenael/Library/Java/JavaVirtualMachines/azul-13.0.5.1/Contents/Home/lib/libjli.dylib
0x00007fff4c30a000 	/System/Library/Frameworks/Cocoa.framework/Versions/A/Cocoa
0x00007fff580ae000 	/System/Library/Frameworks/Security.framework/Versions/A/Security
0x00007fff4af9d000 	/System/Library/Frameworks/ApplicationServices.framework/Versions/A/ApplicationServices
0x00007fff75af6000 	/usr/lib/libSystem.B.dylib
0x00007fff78992000 	/usr/lib/system/libcache.dylib
0x00007fff78997000 	/usr/lib/system/libcommonCrypto.dylib
0x00007fff789a2000 	/usr/lib/system/libcompiler_rt.dylib
0x00007fff789aa000 	/usr/lib/system/libcopyfile.dylib
0x00007fff789b4000 	/usr/lib/system/libcorecrypto.dylib
0x00007fff78abf000 	/usr/lib/system/libdispatch.dylib
0x00007fff78af9000 	/usr/lib/system/libdyld.dylib
0x00007fff78b26000 	/usr/lib/system/libkeymgr.dylib
0x00007fff78b34000 	/usr/lib/system/liblaunch.dylib
0x00007fff78b35000 	/usr/lib/system/libmacho.dylib
0x00007fff78b3b000 	/usr/lib/system/libquarantine.dylib
0x00007fff78b3e000 	/usr/lib/system/libremovefile.dylib
0x00007fff78b40000 	/usr/lib/system/libsystem_asl.dylib
0x00007fff78b58000 	/usr/lib/system/libsystem_blocks.dylib
0x00007fff78b59000 	/usr/lib/system/libsystem_c.dylib
0x00007fff78be1000 	/usr/lib/system/libsystem_configuration.dylib
0x00007fff78be5000 	/usr/lib/system/libsystem_coreservices.dylib
0x00007fff78be9000 	/usr/lib/system/libsystem_darwin.dylib
0x00007fff78bf0000 	/usr/lib/system/libsystem_dnssd.dylib
0x00007fff78bf7000 	/usr/lib/system/libsystem_info.dylib
0x00007fff78c6c000 	/usr/lib/system/libsystem_m.dylib
0x00007fff78cb8000 	/usr/lib/system/libsystem_malloc.dylib
0x00007fff78ce3000 	/usr/lib/system/libsystem_networkextension.dylib
0x00007fff78cee000 	/usr/lib/system/libsystem_notify.dylib
0x00007fff78d0b000 	/usr/lib/system/libsystem_sandbox.dylib
0x00007fff78d0f000 	/usr/lib/system/libsystem_secinit.dylib
0x00007fff78c43000 	/usr/lib/system/libsystem_kernel.dylib
0x00007fff78cf6000 	/usr/lib/system/libsystem_platform.dylib
0x00007fff78d00000 	/usr/lib/system/libsystem_pthread.dylib
0x00007fff78d12000 	/usr/lib/system/libsystem_symptoms.dylib
0x00007fff78d1a000 	/usr/lib/system/libsystem_trace.dylib
0x00007fff78d31000 	/usr/lib/system/libunwind.dylib
0x00007fff78d37000 	/usr/lib/system/libxpc.dylib
0x00007fff7732d000 	/usr/lib/libobjc.A.dylib
0x00007fff75d8d000 	/usr/lib/libc++abi.dylib
0x00007fff75d39000 	/usr/lib/libc++.1.dylib
0x00007fff4cb7f000 	/System/Library/Frameworks/CoreFoundation.framework/Versions/A/CoreFoundation
0x00007fff4ee01000 	/System/Library/Frameworks/Foundation.framework/Versions/C/Foundation
0x00007fff4a196000 	/System/Library/Frameworks/AppKit.framework/Versions/C/AppKit
0x00007fff4c708000 	/System/Library/Frameworks/CoreData.framework/Versions/A/CoreData
0x00007fff6f5bc000 	/System/Library/PrivateFrameworks/RemoteViewServices.framework/Versions/A/RemoteViewServices
0x00007fff73833000 	/System/Library/PrivateFrameworks/UIFoundation.framework/Versions/A/UIFoundation
0x00007fff74f17000 	/System/Library/PrivateFrameworks/XCTTargetBootstrap.framework/Versions/A/XCTTargetBootstrap
0x00007fff4ca8e000 	/System/Library/Frameworks/CoreDisplay.framework/Versions/A/CoreDisplay
0x00007fff6a2f6000 	/System/Library/PrivateFrameworks/IconServices.framework/Versions/A/IconServices
0x00007fff51722000 	/System/Library/Frameworks/Metal.framework/Versions/A/Metal
0x00007fff61839000 	/System/Library/PrivateFrameworks/DesktopServicesPriv.framework/Versions/A/DesktopServicesPriv
0x00007fff76690000 	/usr/lib/libenergytrace.dylib
0x00007fff71d1a000 	/System/Library/PrivateFrameworks/SkyLight.framework/Versions/A/SkyLight
0x00007fff4cfc5000 	/System/Library/Frameworks/CoreGraphics.framework/Versions/A/CoreGraphics
0x00007fff48f62000 	/System/Library/Frameworks/Accelerate.framework/Versions/A/Accelerate
0x00007fff4f54a000 	/System/Library/Frameworks/IOSurface.framework/Versions/A/IOSurface
0x00007fff616a5000 	/System/Library/PrivateFrameworks/DFRFoundation.framework/Versions/A/DFRFoundation
0x00007fff4b480000 	/System/Library/Frameworks/AudioToolbox.framework/Versions/A/AudioToolbox
0x00007fff4b6f9000 	/System/Library/Frameworks/AudioUnit.framework/Versions/A/AudioUnit
0x00007fff6173a000 	/System/Library/PrivateFrameworks/DataDetectorsCore.framework/Versions/A/DataDetectorsCore
0x00007fff4be0d000 	/System/Library/Frameworks/Carbon.framework/Versions/A/Frameworks/HIToolbox.framework/Versions/A/HIToolbox
0x00007fff767e9000 	/usr/lib/libicucore.A.dylib
0x00007fff57621000 	/System/Library/Frameworks/QuartzCore.framework/Versions/A/QuartzCore
0x00007fff4c1e2000 	/System/Library/Frameworks/Carbon.framework/Versions/A/Frameworks/SpeechRecognition.framework/Versions/A/SpeechRecognition
0x00007fff75c4a000 	/usr/lib/libauto.dylib
0x00007fff78090000 	/usr/lib/libxml2.2.dylib
0x00007fff61280000 	/System/Library/PrivateFrameworks/CoreUI.framework/Versions/A/CoreUI
0x00007fff4c5f3000 	/System/Library/Frameworks/CoreAudio.framework/Versions/A/CoreAudio
0x00007fff4ec36000 	/System/Library/Frameworks/DiskArbitration.framework/Versions/A/DiskArbitration
0x00007fff76a97000 	/usr/lib/liblangid.dylib
0x00007fff6b701000 	/System/Library/PrivateFrameworks/MultitouchSupport.framework/Versions/A/MultitouchSupport
0x00007fff4f4b9000 	/System/Library/Frameworks/IOKit.framework/Versions/A/IOKit
0x00007fff756b6000 	/usr/lib/libDiagnosticMessagesClient.dylib
0x00007fff4ddd4000 	/System/Library/Frameworks/CoreServices.framework/Versions/A/CoreServices
0x00007fff6d3bb000 	/System/Library/PrivateFrameworks/PerformanceAnalysis.framework/Versions/A/PerformanceAnalysis
0x00007fff5680f000 	/System/Library/Frameworks/OpenGL.framework/Versions/A/OpenGL
0x00007fff4c318000 	/System/Library/Frameworks/ColorSync.framework/Versions/A/ColorSync
0x00007fff4d656000 	/System/Library/Frameworks/CoreImage.framework/Versions/A/CoreImage
0x00007fff4e7ac000 	/System/Library/Frameworks/CoreText.framework/Versions/A/CoreText
0x00007fff4f5ad000 	/System/Library/Frameworks/ImageIO.framework/Versions/A/ImageIO
0x00007fff5d8d2000 	/System/Library/PrivateFrameworks/Backup.framework/Versions/A/Backup
0x00007fff75b9d000 	/usr/lib/libarchive.2.dylib
0x00007fff4ba52000 	/System/Library/Frameworks/CFNetwork.framework/Versions/A/CFNetwork
0x00007fff5880a000 	/System/Library/Frameworks/SystemConfiguration.framework/Versions/A/SystemConfiguration
0x00007fff755e7000 	/usr/lib/libCRFSuite.dylib
0x00007fff75d1a000 	/usr/lib/libbsm.0.dylib
0x00007fff78b27000 	/usr/lib/system/libkxld.dylib
0x00007fff5ccc3000 	/System/Library/PrivateFrameworks/AppleFSCompression.framework/Versions/A/AppleFSCompression
0x00007fff759b6000 	/usr/lib/libOpenScriptingUtil.dylib
0x00007fff76042000 	/usr/lib/libcoretls.dylib
0x00007fff76059000 	/usr/lib/libcoretls_cfhelpers.dylib
0x00007fff77ac4000 	/usr/lib/libpam.2.dylib
0x00007fff77c84000 	/usr/lib/libsqlite3.dylib
0x00007fff7807e000 	/usr/lib/libxar.1.dylib
0x00007fff75d2b000 	/usr/lib/libbz2.1.0.dylib
0x00007fff76a99000 	/usr/lib/liblzma.5.dylib
0x00007fff76f4a000 	/usr/lib/libnetwork.dylib
0x00007fff75b86000 	/usr/lib/libapple_nghttp2.dylib
0x00007fff77acb000 	/usr/lib/libpcap.A.dylib
0x00007fff4e173000 	/System/Library/Frameworks/CoreServices.framework/Versions/A/Frameworks/FSEvents.framework/Versions/A/FSEvents
0x00007fff4de52000 	/System/Library/Frameworks/CoreServices.framework/Versions/A/Frameworks/CarbonCore.framework/Versions/A/CarbonCore
0x00007fff4e32e000 	/System/Library/Frameworks/CoreServices.framework/Versions/A/Frameworks/Metadata.framework/Versions/A/Metadata
0x00007fff4e3cd000 	/System/Library/Frameworks/CoreServices.framework/Versions/A/Frameworks/OSServices.framework/Versions/A/OSServices
0x00007fff4e418000 	/System/Library/Frameworks/CoreServices.framework/Versions/A/Frameworks/SearchKit.framework/Versions/A/SearchKit
0x00007fff4ddd5000 	/System/Library/Frameworks/CoreServices.framework/Versions/A/Frameworks/AE.framework/Versions/A/AE
0x00007fff4e17c000 	/System/Library/Frameworks/CoreServices.framework/Versions/A/Frameworks/LaunchServices.framework/Versions/A/LaunchServices
0x00007fff4e12a000 	/System/Library/Frameworks/CoreServices.framework/Versions/A/Frameworks/DictionaryServices.framework/Versions/A/DictionaryServices
0x00007fff4e480000 	/System/Library/Frameworks/CoreServices.framework/Versions/A/Frameworks/SharedFileList.framework/Versions/A/SharedFileList
0x00007fff527ea000 	/System/Library/Frameworks/NetFS.framework/Versions/A/NetFS
0x00007fff6b967000 	/System/Library/PrivateFrameworks/NetAuth.framework/Versions/A/NetAuth
0x00007fff7531b000 	/System/Library/PrivateFrameworks/login.framework/Versions/A/Frameworks/loginsupport.framework/Versions/A/loginsupport
0x00007fff7343c000 	/System/Library/PrivateFrameworks/TCC.framework/Versions/A/TCC
0x00007fff608dd000 	/System/Library/PrivateFrameworks/CoreNLP.framework/Versions/A/CoreNLP
0x00007fff6b3fc000 	/System/Library/PrivateFrameworks/MetadataUtilities.framework/Versions/A/MetadataUtilities
0x00007fff76b6e000 	/usr/lib/libmecabra.dylib
0x00007fff4af9e000 	/System/Library/Frameworks/ApplicationServices.framework/Versions/A/Frameworks/ATS.framework/Versions/A/ATS
0x00007fff4b2ed000 	/System/Library/Frameworks/ApplicationServices.framework/Versions/A/Frameworks/ColorSyncLegacy.framework/Versions/A/ColorSyncLegacy
0x00007fff4b38c000 	/System/Library/Frameworks/ApplicationServices.framework/Versions/A/Frameworks/HIServices.framework/Versions/A/HIServices
0x00007fff4b3df000 	/System/Library/Frameworks/ApplicationServices.framework/Versions/A/Frameworks/LangAnalysis.framework/Versions/A/LangAnalysis
0x00007fff4b3ef000 	/System/Library/Frameworks/ApplicationServices.framework/Versions/A/Frameworks/PrintCore.framework/Versions/A/PrintCore
0x00007fff4b439000 	/System/Library/Frameworks/ApplicationServices.framework/Versions/A/Frameworks/QD.framework/Versions/A/QD
0x00007fff4b473000 	/System/Library/Frameworks/ApplicationServices.framework/Versions/A/Frameworks/SpeechSynthesis.framework/Versions/A/SpeechSynthesis
0x00007fff75db5000 	/usr/lib/libcompression.dylib
0x00007fff519f2000 	/System/Library/Frameworks/MetalPerformanceShaders.framework/Versions/A/MetalPerformanceShaders
0x00007fff48f7a000 	/System/Library/Frameworks/Accelerate.framework/Versions/A/Frameworks/vImage.framework/Versions/A/vImage
0x00007fff49ff4000 	/System/Library/Frameworks/Accelerate.framework/Versions/A/Frameworks/vecLib.framework/Versions/A/vecLib
0x00007fff49f40000 	/System/Library/Frameworks/Accelerate.framework/Versions/A/Frameworks/vecLib.framework/Versions/A/libvMisc.dylib
0x00007fff49d58000 	/System/Library/Frameworks/Accelerate.framework/Versions/A/Frameworks/vecLib.framework/Versions/A/libvDSP.dylib
0x00007fff49614000 	/System/Library/Frameworks/Accelerate.framework/Versions/A/Frameworks/vecLib.framework/Versions/A/libBLAS.dylib
0x00007fff49901000 	/System/Library/Frameworks/Accelerate.framework/Versions/A/Frameworks/vecLib.framework/Versions/A/libLAPACK.dylib
0x00007fff49cab000 	/System/Library/Frameworks/Accelerate.framework/Versions/A/Frameworks/vecLib.framework/Versions/A/libLinearAlgebra.dylib
0x00007fff49d44000 	/System/Library/Frameworks/Accelerate.framework/Versions/A/Frameworks/vecLib.framework/Versions/A/libSparseBLAS.dylib
0x00007fff49cc1000 	/System/Library/Frameworks/Accelerate.framework/Versions/A/Frameworks/vecLib.framework/Versions/A/libQuadrature.dylib
0x00007fff4988e000 	/System/Library/Frameworks/Accelerate.framework/Versions/A/Frameworks/vecLib.framework/Versions/A/libBNNS.dylib
0x00007fff49cc7000 	/System/Library/Frameworks/Accelerate.framework/Versions/A/Frameworks/vecLib.framework/Versions/A/libSparse.dylib
0x00007fff67c2b000 	/System/Library/PrivateFrameworks/GPUWrangler.framework/Versions/A/GPUWrangler
0x00007fff69f2b000 	/System/Library/PrivateFrameworks/IOAccelerator.framework/Versions/A/IOAccelerator
0x00007fff69f36000 	/System/Library/PrivateFrameworks/IOPresentment.framework/Versions/A/IOPresentment
0x00007fff616b5000 	/System/Library/PrivateFrameworks/DSExternalDisplay.framework/Versions/A/DSExternalDisplay
0x00007fff55c66000 	/System/Library/Frameworks/OpenGL.framework/Versions/A/Libraries/libCoreFSCache.dylib
0x00007fff517e6000 	/System/Library/Frameworks/MetalPerformanceShaders.framework/Frameworks/MPSCore.framework/Versions/A/MPSCore
0x00007fff51806000 	/System/Library/Frameworks/MetalPerformanceShaders.framework/Frameworks/MPSImage.framework/Versions/A/MPSImage
0x00007fff518ab000 	/System/Library/Frameworks/MetalPerformanceShaders.framework/Frameworks/MPSNeuralNetwork.framework/Versions/A/MPSNeuralNetwork
0x00007fff51883000 	/System/Library/Frameworks/MetalPerformanceShaders.framework/Frameworks/MPSMatrix.framework/Versions/A/MPSMatrix
0x00007fff519d7000 	/System/Library/Frameworks/MetalPerformanceShaders.framework/Frameworks/MPSRayIntersector.framework/Versions/A/MPSRayIntersector
0x00007fff6b425000 	/System/Library/PrivateFrameworks/MetalTools.framework/Versions/A/MetalTools
0x00007fff5c56d000 	/System/Library/PrivateFrameworks/AggregateDictionary.framework/Versions/A/AggregateDictionary
0x00007fff75996000 	/usr/lib/libMobileGestalt.dylib
0x00007fff4e90f000 	/System/Library/Frameworks/CoreVideo.framework/Versions/A/CoreVideo
0x00007fff68a3c000 	/System/Library/PrivateFrameworks/GraphVisualizer.framework/Versions/A/GraphVisualizer
0x00007fff628bb000 	/System/Library/PrivateFrameworks/FaceCore.framework/Versions/A/FaceCore
0x00007fff55294000 	/System/Library/Frameworks/OpenCL.framework/Versions/A/OpenCL
0x00007fff756ee000 	/usr/lib/libFosl_dynamic.dylib
0x00007fff6c1d2000 	/System/Library/PrivateFrameworks/OTSVG.framework/Versions/A/OTSVG
0x00007fff4b0a2000 	/System/Library/Frameworks/ApplicationServices.framework/Versions/A/Frameworks/ATS.framework/Versions/A/Resources/libFontParser.dylib
0x00007fff4b1ba000 	/System/Library/Frameworks/ApplicationServices.framework/Versions/A/Frameworks/ATS.framework/Versions/A/Resources/libFontRegistry.dylib
0x00007fff4f81b000 	/System/Library/Frameworks/ImageIO.framework/Versions/A/Resources/libJPEG.dylib
0x00007fff4fb2d000 	/System/Library/Frameworks/ImageIO.framework/Versions/A/Resources/libTIFF.dylib
0x00007fff4fb03000 	/System/Library/Frameworks/ImageIO.framework/Versions/A/Resources/libPng.dylib
0x00007fff4f739000 	/System/Library/Frameworks/ImageIO.framework/Versions/A/Resources/libGIF.dylib
0x00007fff4f73e000 	/System/Library/Frameworks/ImageIO.framework/Versions/A/Resources/libJP2.dylib
0x00007fff4fb2a000 	/System/Library/Frameworks/ImageIO.framework/Versions/A/Resources/libRadiance.dylib
0x00007fff5ce1a000 	/System/Library/PrivateFrameworks/AppleJPEG.framework/Versions/A/AppleJPEG
0x00007fff55c71000 	/System/Library/Frameworks/OpenGL.framework/Versions/A/Libraries/libGFXShared.dylib
0x00007fff55e34000 	/System/Library/Frameworks/OpenGL.framework/Versions/A/Libraries/libGLU.dylib
0x00007fff55c7a000 	/System/Library/Frameworks/OpenGL.framework/Versions/A/Libraries/libGL.dylib
0x00007fff55c86000 	/System/Library/Frameworks/OpenGL.framework/Versions/A/Libraries/libGLImage.dylib
0x00007fff55c63000 	/System/Library/Frameworks/OpenGL.framework/Versions/A/Libraries/libCVMSPluginSupport.dylib
0x00007fff55c6c000 	/System/Library/Frameworks/OpenGL.framework/Versions/A/Libraries/libCoreVMClient.dylib
0x00007fff76506000 	/usr/lib/libcups.2.dylib
0x00007fff50ced000 	/System/Library/Frameworks/Kerberos.framework/Versions/A/Kerberos
0x00007fff4f21d000 	/System/Library/Frameworks/GSS.framework/Versions/A/GSS
0x00007fff77c19000 	/usr/lib/libresolv.9.dylib
0x00007fff766f8000 	/usr/lib/libiconv.2.dylib
0x00007fff68bb1000 	/System/Library/PrivateFrameworks/Heimdal.framework/Versions/A/Heimdal
0x00007fff766c8000 	/usr/lib/libheimdal-asn1.dylib
0x00007fff55308000 	/System/Library/Frameworks/OpenDirectory.framework/Versions/A/OpenDirectory
0x00007fff5f640000 	/System/Library/PrivateFrameworks/CommonAuth.framework/Versions/A/CommonAuth
0x00007fff552ec000 	/System/Library/Frameworks/OpenDirectory.framework/Versions/A/Frameworks/CFOpenDirectory.framework/Versions/A/CFOpenDirectory
0x00007fff583af000 	/System/Library/Frameworks/SecurityFoundation.framework/Versions/A/SecurityFoundation
0x00007fff5bab3000 	/System/Library/PrivateFrameworks/APFS.framework/Versions/A/APFS
0x00007fff7807a000 	/usr/lib/libutil.dylib
0x00007fff75da3000 	/usr/lib/libcharset.1.dylib
0x00007fff5d0b7000 	/System/Library/PrivateFrameworks/AppleSauce.framework/Versions/A/AppleSauce
0x00007fff5d238000 	/System/Library/PrivateFrameworks/AssertionServices.framework/Versions/A/AssertionServices
0x00007fff5d968000 	/System/Library/PrivateFrameworks/BaseBoard.framework/Versions/A/BaseBoard
0x00007fff76ac9000 	/usr/lib/libmecab.1.0.0.dylib
0x00007fff766c2000 	/usr/lib/libgermantok.dylib
0x00007fff75b73000 	/usr/lib/libThaiTokenizer.dylib
0x00007fff7561e000 	/usr/lib/libChineseTokenizer.dylib
0x00007fff6a5e3000 	/System/Library/PrivateFrameworks/LanguageModeling.framework/Versions/A/LanguageModeling
0x00007fff60322000 	/System/Library/PrivateFrameworks/CoreEmoji.framework/Versions/A/CoreEmoji
0x00007fff6a6bf000 	/System/Library/PrivateFrameworks/Lexicon.framework/Versions/A/Lexicon
0x00007fff6a702000 	/System/Library/PrivateFrameworks/LinguisticData.framework/Versions/A/LinguisticData
0x00007fff75da4000 	/usr/lib/libcmph.dylib
0x00007fff5846d000 	/System/Library/Frameworks/ServiceManagement.framework/Versions/A/ServiceManagement
0x00007fff5d8c9000 	/System/Library/PrivateFrameworks/BackgroundTaskManagement.framework/Versions/A/BackgroundTaskManagement
0x00007fff78173000 	/usr/lib/libxslt.1.dylib
0x00007fff4c10f000 	/System/Library/Frameworks/Carbon.framework/Versions/A/Frameworks/Ink.framework/Versions/A/Ink
0x00007fff736ae000 	/System/Library/PrivateFrameworks/TextureIO.framework/Versions/A/TextureIO
0x00007fff75bc7000 	/usr/lib/libate.dylib
0x00007fff61604000 	/System/Library/PrivateFrameworks/CrashReporterSupport.framework/Versions/A/CrashReporterSupport
0x00007fff70de8000 	/System/Library/PrivateFrameworks/Sharing.framework/Versions/A/Sharing
0x00007fff5d61b000 	/System/Library/PrivateFrameworks/AuthKit.framework/Versions/A/AuthKit
0x00007fff5cb6f000 	/System/Library/PrivateFrameworks/Apple80211.framework/Versions/A/Apple80211
0x00007fff613ac000 	/System/Library/PrivateFrameworks/CoreUtils.framework/Versions/A/CoreUtils
0x00007fff4e950000 	/System/Library/Frameworks/CoreWLAN.framework/Versions/A/CoreWLAN
0x00007fff4f34c000 	/System/Library/Frameworks/IOBluetooth.framework/Versions/A/IOBluetooth
0x00007fff6f25c000 	/System/Library/PrivateFrameworks/ProtocolBuffer.framework/Versions/A/ProtocolBuffer
0x00007fff6b65d000 	/System/Library/PrivateFrameworks/MobileKeyBag.framework/Versions/A/MobileKeyBag
0x00007fff60bf0000 	/System/Library/PrivateFrameworks/CorePhoneNumbers.framework/Versions/A/CorePhoneNumbers
0x00007fff5cdce000 	/System/Library/PrivateFrameworks/AppleIDAuthSupport.framework/Versions/A/AppleIDAuthSupport
0x00007fff6a5b6000 	/System/Library/PrivateFrameworks/KeychainCircle.framework/Versions/A/KeychainCircle
0x00007fff6f412000 	/System/Library/PrivateFrameworks/ROCKit.framework/Versions/A/ROCKit
0x00007fff615a0000 	/System/Library/PrivateFrameworks/CoreWiFi.framework/Versions/A/CoreWiFi
0x00007fff4c6dd000 	/System/Library/Frameworks/CoreBluetooth.framework/Versions/A/CoreBluetooth
0x00007fff617fb000 	/System/Library/PrivateFrameworks/DebugSymbols.framework/Versions/A/DebugSymbols
0x00007fff6116c000 	/System/Library/PrivateFrameworks/CoreSymbolication.framework/Versions/A/CoreSymbolication
0x00007fff72ec9000 	/System/Library/PrivateFrameworks/Symbolication.framework/Versions/A/Symbolication
0x00007fff7276c000 	/System/Library/PrivateFrameworks/SpeechRecognitionCore.framework/Versions/A/SpeechRecognitionCore
0x0000000108400000 	/Users/gwenael/Library/Java/JavaVirtualMachines/azul-13.0.5.1/Contents/Home/lib/server/libjvm.dylib
0x0000000107a08000 	/Users/gwenael/Library/Java/JavaVirtualMachines/azul-13.0.5.1/Contents/Home/lib/libverify.dylib
0x0000000107a19000 	/Users/gwenael/Library/Java/JavaVirtualMachines/azul-13.0.5.1/Contents/Home/lib/libjava.dylib
0x0000000107a59000 	/Users/gwenael/Library/Java/JavaVirtualMachines/azul-13.0.5.1/Contents/Home/lib/libjimage.dylib
0x0000000107aae000 	/Users/gwenael/Library/Java/JavaVirtualMachines/azul-13.0.5.1/Contents/Home/lib/libzip.dylib
0x00000001289ad000 	/Users/gwenael/Library/Java/JavaVirtualMachines/azul-13.0.5.1/Contents/Home/lib/libnio.dylib
0x00000001289c0000 	/Users/gwenael/Library/Java/JavaVirtualMachines/azul-13.0.5.1/Contents/Home/lib/./libnet.dylib
0x0000000128bb7000 	/Users/gwenael/.openjfx/cache/15.0.1/libprism_es2.dylib
0x00007fff60d74000 	/System/Library/PrivateFrameworks/CoreServicesInternal.framework/Versions/A/CoreServicesInternal
0x00007fff5681f000 	/System/Library/Frameworks/OpenGL.framework/Versions/A/Resources/GLEngine.bundle/GLEngine
0x00007fff55cc1000 	/System/Library/Frameworks/OpenGL.framework/Versions/A/Libraries/libGLProgrammability.dylib
0x00007fff4410f000 	/System/Library/Extensions/AppleIntelBDWGraphicsGLDriver.bundle/Contents/MacOS/AppleIntelBDWGraphicsGLDriver
0x00007fff67c1f000 	/System/Library/PrivateFrameworks/GPUSupport.framework/Versions/A/Libraries/libGPUSupportMercury.dylib
0x00007fff569b7000 	/System/Library/Frameworks/OpenGL.framework/Versions/A/Resources/GLRendererFloat.bundle/GLRendererFloat
0x00007fff5528b000 	/System/Library/Frameworks/OpenCL.framework/Versions/A/Libraries/libcldcpuengine.dylib
0x00007fff761f8000 	/usr/lib/libcrypto.35.dylib
0x00007fff7382c000 	/System/Library/PrivateFrameworks/TrustEvaluationAgent.framework/Versions/A/TrustEvaluationAgent
0x00000001293a9000 	/Users/gwenael/.openjfx/cache/15.0.1/libglass.dylib
0x00007fff412e0000 	/System/Library/CoreServices/RawCamera.bundle/Contents/MacOS/RawCamera
0x00007fff6b4c9000 	/System/Library/PrivateFrameworks/MobileAsset.framework/Versions/A/MobileAsset
0x00007fff72e17000 	/System/Library/PrivateFrameworks/StreamingZip.framework/Versions/A/StreamingZip
0x00007fff5107a000 	/System/Library/Frameworks/MediaToolbox.framework/Versions/A/MediaToolbox
0x00007fff5fec6000 	/System/Library/PrivateFrameworks/CoreAVCHD.framework/Versions/A/CoreAVCHD
0x00007fff50fc0000 	/System/Library/Frameworks/MediaAccessibility.framework/Versions/A/MediaAccessibility
0x00007fff6af25000 	/System/Library/PrivateFrameworks/Mangrove.framework/Versions/A/Mangrove
0x00007fff4dc73000 	/System/Library/Frameworks/CoreMedia.framework/Versions/A/CoreMedia
0x00007fff58ad6000 	/System/Library/Frameworks/VideoToolbox.framework/Versions/A/VideoToolbox
0x00007fff5fae2000 	/System/Library/PrivateFrameworks/CoreAUC.framework/Versions/A/CoreAUC
0x00007fff77c82000 	/usr/lib/libspindump.dylib
0x00007fff5d19d000 	/System/Library/PrivateFrameworks/AppleVA.framework/Versions/A/AppleVA
0x00007fff48f63000 	/System/Library/Frameworks/Accelerate.framework/Versions/A/Frameworks/vImage.framework/Versions/A/Libraries/libCGInterfaces.dylib
0x00007fff74666000 	/System/Library/PrivateFrameworks/ViewBridge.framework/Versions/A/ViewBridge
0x0000000128f81000 	/Users/gwenael/.javacpp/cache/javacpp-1.5.4-macosx-x86_64.jar/org/bytedeco/javacpp/macosx-x86_64/libjnijavacpp.dylib
0x0000000128f56000 	/Users/gwenael/.javacpp/cache/openblas-0.3.10-1.5.4-macosx-x86_64.jar/org/bytedeco/openblas/macosx-x86_64/libgcc_s.1.dylib
0x000000012942d000 	/Users/gwenael/.javacpp/cache/openblas-0.3.10-1.5.4-macosx-x86_64.jar/org/bytedeco/openblas/macosx-x86_64/libquadmath.0.dylib
0x000000012d5b2000 	/Users/gwenael/.javacpp/cache/openblas-0.3.10-1.5.4-macosx-x86_64.jar/org/bytedeco/openblas/macosx-x86_64/libgfortran.4.dylib
0x000000012d90a000 	/Users/gwenael/.javacpp/cache/openblas-0.3.10-1.5.4-macosx-x86_64.jar/org/bytedeco/openblas/macosx-x86_64/libopenblas_nolapack.0.dylib
0x0000000128ec2000 	/Users/gwenael/.javacpp/cache/openblas-0.3.10-1.5.4-macosx-x86_64.jar/org/bytedeco/openblas/macosx-x86_64/libjniopenblas_nolapack.dylib
0x0000000133b07000 	/Users/gwenael/.javacpp/cache/openblas-0.3.10-1.5.4-macosx-x86_64.jar/org/bytedeco/openblas/macosx-x86_64/libopenblas.0.dylib
0x0000000139697000 	/Users/gwenael/.javacpp/cache/openblas-0.3.10-1.5.4-macosx-x86_64.jar/org/bytedeco/openblas/macosx-x86_64/libjniopenblas.dylib
0x000000013ae9a000 	/Users/gwenael/.javacpp/cache/opencv-4.4.0-1.5.4-macosx-x86_64.jar/org/bytedeco/opencv/macosx-x86_64/libopencv_core.4.4.dylib
0x000000013b2f6000 	/Users/gwenael/.javacpp/cache/opencv-4.4.0-1.5.4-macosx-x86_64.jar/org/bytedeco/opencv/macosx-x86_64/libopencv_imgproc.4.4.dylib
0x000000013b8ba000 	/Users/gwenael/.javacpp/cache/opencv-4.4.0-1.5.4-macosx-x86_64.jar/org/bytedeco/opencv/macosx-x86_64/libjniopencv_core.dylib
0x00007fff4b256000 	/System/Library/Frameworks/ApplicationServices.framework/Versions/A/Frameworks/ATS.framework/Versions/A/Resources/libTrueTypeScaler.dylib
0x00007fff44614000 	/System/Library/Extensions/AppleIntelBDWGraphicsMTLDriver.bundle/Contents/MacOS/AppleIntelBDWGraphicsMTLDriver
0x00007fff6658a000 	/System/Library/PrivateFrameworks/GPUCompiler.framework/Versions/3902/Libraries/libmetal_timestamp.dylib
0x000000012d369000 	/Users/gwenael/.openjfx/cache/15.0.1/libjavafx_font.dylib
0x000000012d349000 	/usr/lib/libobjc-trampolines.dylib
0x000000012d3a4000 	/Users/gwenael/.openjfx/cache/15.0.1/libjavafx_iio.dylib
0x000000013d6c6000 	/Users/gwenael/.javacpp/cache/opencv-4.4.0-1.5.4-macosx-x86_64.jar/org/bytedeco/opencv/macosx-x86_64/libjniopencv_imgproc.dylib
0x00000001403cd000 	/Users/gwenael/.javacpp/cache/opencv-4.4.0-1.5.4-macosx-x86_64.jar/org/bytedeco/opencv/macosx-x86_64/libopencv_imgcodecs.4.4.dylib
0x000000013cc7c000 	/Users/gwenael/.javacpp/cache/opencv-4.4.0-1.5.4-macosx-x86_64.jar/org/bytedeco/opencv/macosx-x86_64/libjniopencv_imgcodecs.dylib
0x000000013cd4c000 	/Users/gwenael/.javacpp/cache/opencv-4.4.0-1.5.4-macosx-x86_64.jar/org/bytedeco/opencv/macosx-x86_64/libopencv_videoio.4.4.dylib
0x00007fff48bb8000 	/System/Library/Frameworks/AVFoundation.framework/Versions/A/AVFoundation
0x00007fff48d95000 	/System/Library/Frameworks/AVFoundation.framework/Versions/A/Frameworks/AVFAudio.framework/Versions/A/AVFAudio
0x00007fff6a44d000 	/System/Library/PrivateFrameworks/InternationalSupport.framework/Versions/A/InternationalSupport
0x00007fff4dd78000 	/System/Library/Frameworks/CoreMediaIO.framework/Versions/A/CoreMediaIO
0x00007fff6f59e000 	/System/Library/PrivateFrameworks/RemoteServiceDiscovery.framework/Versions/A/RemoteServiceDiscovery
0x00007fff6f5df000 	/System/Library/PrivateFrameworks/RemoteXPC.framework/Versions/A/RemoteXPC
0x000000013cd95000 	/Users/gwenael/.javacpp/cache/opencv-4.4.0-1.5.4-macosx-x86_64.jar/org/bytedeco/opencv/macosx-x86_64/libjniopencv_videoio.dylib
0x000000012d83e000 	/System/Library/Extensions/AppleHDA.kext/Contents/PlugIns/AppleHDAHALPlugIn.bundle/Contents/MacOS/AppleHDAHALPlugIn
0x000000013cc36000 	/Library/CoreMediaIO/Plug-Ins/DAL/AppleCamera.plugin/Contents/MacOS/AppleCamera
0x00000001408cf000 	/System/Library/Frameworks/CoreMediaIO.framework/Resources/CMIOUnits.bundle/Contents/MacOS/CMIOUnits
0x00007fff62892000 	/System/Library/PrivateFrameworks/FWAVC.framework/Versions/A/FWAVC
0x00007fff4be08000 	/System/Library/Frameworks/Carbon.framework/Versions/A/Carbon
0x00007fff4be09000 	/System/Library/Frameworks/Carbon.framework/Versions/A/Frameworks/CommonPanels.framework/Versions/A/CommonPanels
0x00007fff4c105000 	/System/Library/Frameworks/Carbon.framework/Versions/A/Frameworks/Help.framework/Versions/A/Help
0x00007fff4c109000 	/System/Library/Frameworks/Carbon.framework/Versions/A/Frameworks/ImageCapture.framework/Versions/A/ImageCapture
0x00007fff4c1a5000 	/System/Library/Frameworks/Carbon.framework/Versions/A/Frameworks/OpenScripting.framework/Versions/A/OpenScripting
0x00007fff4c1dd000 	/System/Library/Frameworks/Carbon.framework/Versions/A/Frameworks/Print.framework/Versions/A/Print
0x00007fff4c1df000 	/System/Library/Frameworks/Carbon.framework/Versions/A/Frameworks/SecurityHI.framework/Versions/A/SecurityHI
0x0000000140af5000 	/System/Library/Frameworks/CoreMediaIO.framework/Resources/BaseUnits/CMIOBaseUnits.bundle/Contents/MacOS/CMIOBaseUnits
0x00007fff5ccd3000 	/System/Library/PrivateFrameworks/AppleGVA.framework/Versions/A/AppleGVA
0x00000001411c6000 	/System/Library/Extensions/AppleIntelBDWGraphicsVADriver.bundle/Contents/MacOS/AppleIntelBDWGraphicsVADriver
0x0000000128f13000 	/System/Library/Extensions/AppleIntelBDWGraphicsVAME.bundle/Contents/MacOS/AppleIntelBDWGraphicsVAME
0x000000013d83f000 	/Users/gwenael/Library/Java/JavaVirtualMachines/azul-13.0.5.1/Contents/Home/lib/libawt.dylib
0x000000013d9d8000 	/Users/gwenael/Library/Java/JavaVirtualMachines/azul-13.0.5.1/Contents/Home/lib/./libmlib_image.dylib
0x00007fff50cd6000 	/System/Library/Frameworks/JavaVM.framework/Versions/A/Frameworks/JavaNativeFoundation.framework/Versions/A/JavaNativeFoundation
0x00007fff50cdf000 	/System/Library/Frameworks/JavaVM.framework/Versions/A/Frameworks/JavaRuntimeSupport.framework/Versions/A/JavaRuntimeSupport
0x00007fff50ce8000 	/System/Library/Frameworks/JavaVM.framework/Versions/A/JavaVM
0x00007fff6a4d5000 	/System/Library/PrivateFrameworks/JavaLaunching.framework/Versions/A/JavaLaunching
0x0000000141762000 	/Users/gwenael/Library/Java/JavaVirtualMachines/azul-13.0.5.1/Contents/Home/lib/libawt_lwawt.dylib
0x000000012d7ff000 	/Users/gwenael/Library/Java/JavaVirtualMachines/azul-13.0.5.1/Contents/Home/lib/./libosxapp.dylib
0x00007fff4edda000 	/System/Library/Frameworks/ExceptionHandling.framework/Versions/A/ExceptionHandling
0x0000000140e1d000 	/Users/gwenael/Library/Java/JavaVirtualMachines/azul-13.0.5.1/Contents/Home/lib/libfontmanager.dylib
0x0000000140f24000 	/Users/gwenael/Library/Java/JavaVirtualMachines/azul-13.0.5.1/Contents/Home/lib/./libfreetype.dylib
0x000000012d848000 	/Users/gwenael/Library/Java/JavaVirtualMachines/azul-13.0.5.1/Contents/Home/lib/libjavajpeg.dylib
0x00007fff62da5000 	/System/Library/PrivateFrameworks/FinderKit.framework/Versions/A/FinderKit
0x00007fff5751e000 	/System/Library/Frameworks/Quartz.framework/Versions/A/Frameworks/QuickLookUI.framework/Versions/A/QuickLookUI
0x00007fff56ce5000 	/System/Library/Frameworks/Quartz.framework/Versions/A/Frameworks/ImageKit.framework/Versions/A/ImageKit
0x00007fff57879000 	/System/Library/Frameworks/QuickLook.framework/Versions/A/QuickLook
0x00007fff7319c000 	/System/Library/PrivateFrameworks/SystemAdministration.framework/Versions/A/SystemAdministration
0x00007fff61ab1000 	/System/Library/PrivateFrameworks/DiskImages.framework/Versions/A/DiskImages
0x00007fff5d199000 	/System/Library/PrivateFrameworks/AppleSystemInfo.framework/Versions/A/AppleSystemInfo
0x00007fff4f55a000 	/System/Library/Frameworks/ImageCaptureCore.framework/Versions/A/ImageCaptureCore
0x00007fff72e54000 	/System/Library/PrivateFrameworks/Suggestions.framework/Versions/A/Suggestions
0x00007fff70f3a000 	/System/Library/PrivateFrameworks/SidecarUI.framework/Versions/A/SidecarUI
0x000000013d91b000 	/System/Library/Frameworks/SafariServices.framework/Versions/A/SafariServices
0x00007fff6f3f8000 	/System/Library/PrivateFrameworks/QuickLookNonBaseSystem.framework/Versions/A/QuickLookNonBaseSystem
0x00007fff56b9b000 	/System/Library/Frameworks/QTKit.framework/Versions/A/QTKit
0x00007fff6afaf000 	/System/Library/PrivateFrameworks/MarkupUI.framework/Versions/A/MarkupUI
0x00007fff57620000 	/System/Library/Frameworks/Quartz.framework/Versions/A/Quartz
0x00007fff5c92c000 	/System/Library/PrivateFrameworks/AnnotationKit.framework/Versions/A/AnnotationKit
0x00007fff60aaf000 	/System/Library/PrivateFrameworks/CorePDF.framework/Versions/A/CorePDF
0x00007fff57027000 	/System/Library/Frameworks/Quartz.framework/Versions/A/Frameworks/QuartzComposer.framework/Versions/A/QuartzComposer
0x00007fff56f3a000 	/System/Library/Frameworks/Quartz.framework/Versions/A/Frameworks/PDFKit.framework/Versions/A/PDFKit
0x00007fff574f7000 	/System/Library/Frameworks/Quartz.framework/Versions/A/Frameworks/QuartzFilters.framework/Versions/A/QuartzFilters
0x00007fff4fe75000 	/System/Library/Frameworks/JavaScriptCore.framework/Versions/A/JavaScriptCore
0x00007fff7342b000 	/System/Library/PrivateFrameworks/SystemPolicy.framework/Versions/A/SystemPolicy
0x00007fff6079d000 	/System/Library/PrivateFrameworks/CoreMediaAuthoring.framework/Versions/A/CoreMediaAuthoring
0x00007fff61c47000 	/System/Library/PrivateFrameworks/DisplayServices.framework/Versions/A/DisplayServices
0x00007fff61b80000 	/System/Library/PrivateFrameworks/DiskManagement.framework/Versions/A/DiskManagement
0x00007fff6f3fc000 	/System/Library/PrivateFrameworks/QuickLookThumbnailing.framework/Versions/A/QuickLookThumbnailing
0x00007fff6b03d000 	/System/Library/PrivateFrameworks/MediaKit.framework/Versions/A/MediaKit
0x00007fff4eb62000 	/System/Library/Frameworks/DiscRecording.framework/Versions/A/DiscRecording
0x00007fff75629000 	/usr/lib/libCoreStorage.dylib
0x00007fff764f3000 	/usr/lib/libcsfde.dylib
0x00007fff61cf4000 	/System/Library/PrivateFrameworks/EFILogin.framework/Versions/A/EFILogin
0x00007fff6f207000 	/System/Library/PrivateFrameworks/ProtectedCloudStorage.framework/Versions/A/ProtectedCloudStorage
0x00007fff67fbe000 	/System/Library/PrivateFrameworks/GenerationalStorage.framework/Versions/A/GenerationalStorage
0x00007fff5e833000 	/System/Library/PrivateFrameworks/ChunkingLibrary.framework/Versions/A/ChunkingLibrary
0x00007fff5ff8a000 	/System/Library/PrivateFrameworks/CoreBrightness.framework/Versions/A/CoreBrightness
0x00007fff5d9de000 	/System/Library/PrivateFrameworks/BezelServices.framework/Versions/A/BezelServices
0x00007fff6d2c7000 	/System/Library/PrivateFrameworks/PencilKit.framework/Versions/A/PencilKit
0x00007fff604dc000 	/System/Library/PrivateFrameworks/CoreHandwriting.framework/Versions/A/CoreHandwriting
0x00007fff517cc000 	/System/Library/Frameworks/MetalKit.framework/Versions/A/MetalKit
0x00007fff4da49000 	/System/Library/Frameworks/CoreML.framework/Versions/A/CoreML
0x00007fff6242d000 	/System/Library/PrivateFrameworks/Espresso.framework/Versions/A/Espresso
0x00007fff6b68b000 	/System/Library/PrivateFrameworks/Montreal.framework/Versions/A/Montreal
0x00007fff4eb56000 	/System/Library/Frameworks/DirectoryService.framework/Versions/A/DirectoryService
0x00007fff6a7fb000 	/System/Library/PrivateFrameworks/LoginUIKit.framework/Versions/A/Frameworks/LoginUICore.framework/Versions/A/LoginUICore
0x00007fff77ab3000 	/usr/lib/libodfde.dylib
0x00007fff76585000 	/usr/lib/libcurl.4.dylib
0x00007fff763f2000 	/usr/lib/libcrypto.42.dylib
0x00007fff77f25000 	/usr/lib/libssl.44.dylib
0x00007fff50d07000 	/System/Library/Frameworks/LDAP.framework/Versions/A/LDAP
0x00007fff77c6f000 	/usr/lib/libsasl2.2.dylib
0x00007fff6011f000 	/System/Library/PrivateFrameworks/CoreDaemon.framework/Versions/B/CoreDaemon
0x00007fff5d0b2000 	/System/Library/PrivateFrameworks/AppleSRP.framework/Versions/A/AppleSRP
0x00007fff4a052000 	/System/Library/Frameworks/AddressBook.framework/Versions/A/AddressBook
0x00007fff5f97d000 	/System/Library/PrivateFrameworks/ContactsPersistence.framework/Versions/A/ContactsPersistence
0x00007fff5c407000 	/System/Library/PrivateFrameworks/AddressBookCore.framework/Versions/A/AddressBookCore
0x00007fff5e146000 	/System/Library/PrivateFrameworks/CalendarAgentLink.framework/Versions/A/CalendarAgentLink
0x00007fff5f91a000 	/System/Library/PrivateFrameworks/ContactsFoundation.framework/Versions/A/ContactsFoundation
0x00007fff6a4bb000 	/System/Library/PrivateFrameworks/IntlPreferences.framework/Versions/A/IntlPreferences
0x00007fff5843c000 	/System/Library/Frameworks/SecurityInterface.framework/Versions/A/SecurityInterface
0x00007fff737d3000 	/System/Library/PrivateFrameworks/ToneKit.framework/Versions/A/ToneKit
0x00007fff737ef000 	/System/Library/PrivateFrameworks/ToneLibrary.framework/Versions/A/ToneLibrary
0x00007fff7536a000 	/System/Library/PrivateFrameworks/vCard.framework/Versions/A/vCard
0x00007fff49ff5000 	/System/Library/Frameworks/Accounts.framework/Versions/A/Accounts
0x00007fff6d5f1000 	/System/Library/PrivateFrameworks/PhoneNumbers.framework/Versions/A/PhoneNumbers
0x00007fff7531e000 	/System/Library/PrivateFrameworks/login.framework/Versions/A/login
0x00007fff5d094000 	/System/Library/PrivateFrameworks/ApplePushService.framework/Versions/A/ApplePushService
0x00007fff4c468000 	/System/Library/Frameworks/Contacts.framework/Versions/A/Contacts
0x00007fff5f65d000 	/System/Library/PrivateFrameworks/CommonUtilities.framework/Versions/A/CommonUtilities
0x00007fff5da5b000 	/System/Library/PrivateFrameworks/Bom.framework/Versions/A/Bom
0x00007fff5ce64000 	/System/Library/PrivateFrameworks/AppleLDAP.framework/Versions/A/AppleLDAP
0x00007fff70f27000 	/System/Library/PrivateFrameworks/SidecarCore.framework/Versions/A/SidecarCore
0x00007fff5e99c000 	/System/Library/PrivateFrameworks/CloudDocs.framework/Versions/A/CloudDocs
0x00007fff62d07000 	/System/Library/PrivateFrameworks/FileProvider.framework/Versions/A/FileProvider
0x00007fff7282a000 	/System/Library/PrivateFrameworks/SpotlightIndex.framework/Versions/A/SpotlightIndex
0x00007fff72f55000 	/System/Library/PrivateFrameworks/SymptomDiagnosticReporter.framework/Versions/A/SymptomDiagnosticReporter
0x00007fff6edfb000 	/System/Library/PrivateFrameworks/PowerLog.framework/Versions/A/PowerLog
0x00007fff5ff14000 	/System/Library/PrivateFrameworks/CoreAnalytics.framework/Versions/A/CoreAnalytics
0x00007fff6edad000 	/System/Library/PrivateFrameworks/PlugInKit.framework/Versions/A/PlugInKit
0x00007fff70ddc000 	/System/Library/PrivateFrameworks/SharePointManagement.framework/Versions/A/SharePointManagement


VM Arguments:
jvm_args: --add-modules=javafx.controls --module-path=/Users/gwenael/.gradle/caches/modules-2/files-2.1/org.openjfx/javafx-controls/15.0.1/cb743a50156d7eca281bfc3547aff4d146972e02/javafx-controls-15.0.1-mac.jar:/Users/gwenael/.gradle/caches/modules-2/files-2.1/org.openjfx/javafx-graphics/15.0.1/98ced13a06ad705ce0014df60794cedbf297080b/javafx-graphics-15.0.1-mac.jar:/Users/gwenael/.gradle/caches/modules-2/files-2.1/org.openjfx/javafx-base/15.0.1/b91bc3dfc230b46f11146686648a42921de0c23/javafx-base-15.0.1-mac.jar -Dfile.encoding=UTF-8 -Duser.country=FR -Duser.language=fr -Duser.variant 
java_command: Launcher.Launcher
java_class_path (initial): /Users/gwenael/Documents/cours/L2/janvier_agileTesting_javaAvancee/javaAvLexos/ProjectCamTp/build/classes/java/main:/Users/gwenael/Documents/cours/L2/janvier_agileTesting_javaAvancee/javaAvLexos/ProjectCamTp/build/resources/main:/Users/gwenael/.gradle/caches/modules-2/files-2.1/org.tensorflow/tensorflow/1.15.0/e6a186dca82681e1e28615167e38859b99f82235/tensorflow-1.15.0.jar:/Users/gwenael/.gradle/caches/modules-2/files-2.1/org.openjfx/javafx-swing/15.0.1/52b3baf8eda4a9bb03a7c128060401ed5fe37859/javafx-swing-15.0.1.jar:/Users/gwenael/.gradle/caches/modules-2/files-2.1/org.openjfx/javafx-controls/15.0.1/cb743a50156d7eca281bfc3547aff4d146972e02/javafx-controls-15.0.1-mac.jar:/Users/gwenael/.gradle/caches/modules-2/files-2.1/org.openjfx/javafx-graphics/15.0.1/98ced13a06ad705ce0014df60794cedbf297080b/javafx-graphics-15.0.1-mac.jar:/Users/gwenael/.gradle/caches/modules-2/files-2.1/org.openjfx/javafx-graphics/15.0.1/55565f47d9d4e295f8bdeb8a6577e29b8bc29267/javafx-graphics-15.0.1.jar:/Users/gwenael/.gradle/caches/modules-2/files-2.1/org.openjfx/javafx-base/15.0.1/b91bc3dfc230b46f11146686648a42921de0c23/javafx-base-15.0.1-mac.jar:/Users/gwenael/.gradle/caches/modules-2/files-2.1/org.openjfx/javafx-base/15.0.1/88d5d4ad546e17904516fd05be69243e54144af4/javafx-base-15.0.1.jar:/Users/gwenael/.gradle/caches/modules-2/files-2.1/org.bytedeco/javacv-platform/1.5.4/6f61de317a592703d302247951140e0057055bd9/javacv-platform-1.5.4.jar:/Users/gwenael/.gradle/caches/modules-2/files-2.1/org.tensorflow/libtensorflow/1.15.0/578c89321585d40dbcf7d038dd6c09f2ec744002/libtensorflow-1.15.0.jar:/Users/gwenael/.gradle/caches/modules-2/files-2.1/org.tensorflow/libtensorflow_jni/1.15.0/e749c7ce289ad236914657a11b3c198f35ae5f41/libtensorflow_jni-1.15.0.jar:/Users/gwenael/.gradle/caches/modules-2/files-2.1/org.bytedeco/javacv/1.5.4/84a401a2bcf3f041c150046e0c51d6fcdbd39792/javacv-1.5.4.jar:/Users/gwenael/.gradle/caches/modules-2/files-2.1/org.bytedeco/flandmark-platform/1.07-1.5.
Launcher Type: SUN_STANDARD

[Global flags]
     intx CICompilerCount                          = 3                                         {product} {ergonomic}
     uint ConcGCThreads                            = 1                                         {product} {ergonomic}
     uint G1ConcRefinementThreads                  = 4                                         {product} {ergonomic}
   size_t G1HeapRegionSize                         = 1048576                                   {product} {ergonomic}
    uintx GCDrainStackTargetSize                   = 64                                        {product} {ergonomic}
   size_t InitialHeapSize                          = 134217728                                 {product} {ergonomic}
   size_t MarkStackSize                            = 4194304                                   {product} {ergonomic}
   size_t MaxHeapSize                              = 2147483648                                {product} {ergonomic}
   size_t MaxNewSize                               = 1287651328                                {product} {ergonomic}
   size_t MinHeapDeltaBytes                        = 1048576                                   {product} {ergonomic}
   size_t MinHeapSize                              = 8388608                                   {product} {ergonomic}
    uintx NonNMethodCodeHeapSize                   = 5832780                                {pd product} {ergonomic}
    uintx NonProfiledCodeHeapSize                  = 122912730                              {pd product} {ergonomic}
    uintx ProfiledCodeHeapSize                     = 122912730                              {pd product} {ergonomic}
    uintx ReservedCodeCacheSize                    = 251658240                              {pd product} {ergonomic}
     bool SegmentedCodeCache                       = true                                      {product} {ergonomic}
   size_t SoftMaxHeapSize                          = 2147483648                             {manageable} {ergonomic}
     bool UseCompressedClassPointers               = true                                 {lp64_product} {ergonomic}
     bool UseCompressedOops                        = true                                 {lp64_product} {ergonomic}
     bool UseG1GC                                  = true                                      {product} {ergonomic}

Logging:
Log output configuration:
 #0: stdout all=warning uptime,level,tags
 #1: stderr all=off uptime,level,tags

Environment Variables:
CLASSPATH=/Library/Java/JUNIT/junit-4.12.jar:/Library/Java/JUNIT/hamcrest-all-1.3.jar:/Library/Java/JUNIT/chromedriver:/Library/Java/JUNIT/client-combined-3.8.1.jar:/Library/Java/JUNIT/client-combined-3.8.1-sources.jar:/Library/Java/JUNIT/selenium-server-standalone-3.8.1.jar:/Library/Java/JUNIT/cucumber-java-1.2.5.jar:/Library/Java/JUNIT/cucumber-junit-1.2.5.jar:/Library/Java/JUNIT/cucumber-core-1.2.5.jar:/Library/Java/JUNIT/gherkin-2.12.2.jar:/Library/Java/JUNIT/cucumber-jvm-deps-1.0.5.jar:.
PATH=/Library/Frameworks/Python.framework/Versions/3.8/bin:/usr/local/bin:/usr/bin:/bin:/usr/sbin:/sbin:/usr/local/share/dotnet:~/.dotnet/tools:/Library/Frameworks/Mono.framework/Versions/Current/Commands
SHELL=/bin/bash

Signal Handlers:
SIGSEGV: [libjvm.dylib+0x7edace], sa_mask[0]=11111111011111110111111111111111, sa_flags=SA_ONSTACK|SA_RESTART|SA_SIGINFO
SIGBUS: [libjvm.dylib+0x7edace], sa_mask[0]=11111111011111110111111111111111, sa_flags=SA_RESTART|SA_SIGINFO
SIGFPE: [libjvm.dylib+0x7edace], sa_mask[0]=11111111011111110111111111111111, sa_flags=SA_RESTART|SA_SIGINFO
SIGPIPE: [libjvm.dylib+0x639ff4], sa_mask[0]=11111111011111110111111111111111, sa_flags=SA_RESTART|SA_SIGINFO
SIGXFSZ: [libjvm.dylib+0x639ff4], sa_mask[0]=11111111011111110111111111111111, sa_flags=SA_RESTART|SA_SIGINFO
SIGILL: [libjvm.dylib+0x7edace], sa_mask[0]=11111111011111110111111111111111, sa_flags=SA_RESTART|SA_SIGINFO
SIGUSR2: [libjvm.dylib+0x63a5d9], sa_mask[0]=00100000000000000000000000000000, sa_flags=SA_RESTART|SA_SIGINFO
SIGHUP: [libjvm.dylib+0x6395c9], sa_mask[0]=11111111011111110111111111111111, sa_flags=SA_RESTART|SA_SIGINFO
SIGINT: [libjvm.dylib+0x6395c9], sa_mask[0]=11111111011111110111111111111111, sa_flags=SA_RESTART|SA_SIGINFO
SIGTERM: [libjvm.dylib+0x6395c9], sa_mask[0]=11111111011111110111111111111111, sa_flags=SA_RESTART|SA_SIGINFO
SIGQUIT: [libjvm.dylib+0x6395c9], sa_mask[0]=11111111011111110111111111111111, sa_flags=SA_RESTART|SA_SIGINFO


---------------  S Y S T E M  ---------------

OS:uname:Darwin 18.7.0 Darwin Kernel Version 18.7.0: Tue Aug 20 16:57:14 PDT 2019; root:xnu-4903.271.2~2/RELEASE_X86_64 x86_64
OS uptime: 29 days 6:12 hours
rlimit (soft/hard): STACK 8192k/65532k , CORE 0k/infinity , NPROC 709/1064 , NOFILE 10240/infinity , AS infinity/infinity , CPU infinity/infinity , DATA infinity/infinity , FSIZE infinity/infinity , MEMLOCK infinity/infinity , RSS infinity/infinity
load average:11.96 9.27 7.81

CPU:total 4 (initial active 4) (2 cores per cpu, 2 threads per core) family 6 model 61 stepping 4, cmov, cx8, fxsr, mmx, sse, sse2, sse3, ssse3, sse4.1, sse4.2, popcnt, avx, avx2, aes, clmul, erms, rtm, 3dnowpref, lzcnt, ht, tsc, tscinvbit, bmi1, bmi2, adx, fma

Memory: 4k page, physical 8388608k(149168k free), swap 8388608k(1617920k free)

vm_info: OpenJDK 64-Bit Server VM (13.0.5.1+1-MTS) for bsd-amd64 JRE (13.0.5.1+1-MTS) (Zulu13.35+51-CA), built on Nov  6 2020 06:51:46 by "zulu_re" with clang 4.2.1 Compatible Apple LLVM 9.1.0 (clang-902.0.39.2)

END.
